
**** Build of configuration Debug for project gpiointerrupt_CC3220S_LAUNCHXL_nortos_ccs ****

"C:\\ti\\ccs1250\\ccs\\utils\\bin\\gmake" -k -j 16 all -O 
 
Building file: "../gpiointerrupt.syscfg"
Invoking: SysConfig
"C:/ti/sysconfig_1_12_0/sysconfig_cli.bat" -s "C:/ti/simplelink_cc32xx_sdk_4_30_00_06/.metadata/product.json" --script "C:/Users/crich/Embedded Systems Workspaces/Project/gpiointerrupt_CC3220S_LAUNCHXL_nortos_ccs/gpiointerrupt.syscfg" -o "syscfg" --compiler ccs
Running script...
Validating...
Generating Code (gpiointerrupt.syscfg)...
Writing C:\Users\crich\Embedded Systems Workspaces\Project\gpiointerrupt_CC3220S_LAUNCHXL_nortos_ccs\Debug\syscfg\ti_drivers_config.c...
Writing C:\Users\crich\Embedded Systems Workspaces\Project\gpiointerrupt_CC3220S_LAUNCHXL_nortos_ccs\Debug\syscfg\ti_drivers_config.h...
Writing C:\Users\crich\Embedded Systems Workspaces\Project\gpiointerrupt_CC3220S_LAUNCHXL_nortos_ccs\Debug\syscfg\ti_utils_build_linker.cmd.genlibs...
Writing C:\Users\crich\Embedded Systems Workspaces\Project\gpiointerrupt_CC3220S_LAUNCHXL_nortos_ccs\Debug\syscfg\syscfg_c.rov.xs...
Writing C:\Users\crich\Embedded Systems Workspaces\Project\gpiointerrupt_CC3220S_LAUNCHXL_nortos_ccs\Debug\syscfg\ti_utils_runtime_model.gv...
Writing C:\Users\crich\Embedded Systems Workspaces\Project\gpiointerrupt_CC3220S_LAUNCHXL_nortos_ccs\Debug\syscfg\ti_utils_runtime_Makefile...
Finished building: "../gpiointerrupt.syscfg"
 
Building file: "../main_nortos.c"
Invoking: Arm Compiler
"C:/ti/ccs1250/ccs/tools/compiler/ti-cgt-arm_20.2.7.LTS/bin/armcl" -mv7M4 --code_state=16 --float_support=vfplib -me --include_path="C:/Users/crich/Embedded Systems Workspaces/Project/gpiointerrupt_CC3220S_LAUNCHXL_nortos_ccs" --include_path="C:/Users/crich/Embedded Systems Workspaces/Project/gpiointerrupt_CC3220S_LAUNCHXL_nortos_ccs/Debug" --include_path="C:/ti/simplelink_cc32xx_sdk_4_30_00_06/source" --include_path="C:/ti/simplelink_cc32xx_sdk_4_30_00_06/kernel/nortos" --include_path="C:/ti/simplelink_cc32xx_sdk_4_30_00_06/kernel/nortos/posix" --include_path="C:/ti/ccs1250/ccs/tools/compiler/ti-cgt-arm_20.2.7.LTS/include" --define=NORTOS_SUPPORT -g --diag_warning=225 --diag_warning=255 --diag_wrap=off --display_error_number --gen_func_subsections=on --preproc_with_compile --preproc_dependency="main_nortos.d_raw" --include_path="C:/Users/crich/Embedded Systems Workspaces/Project/gpiointerrupt_CC3220S_LAUNCHXL_nortos_ccs/Debug/syscfg"  "../main_nortos.c"
Finished building: "../main_nortos.c"
 
Building file: "../gpiointerrupt.c"
Invoking: Arm Compiler
"C:/ti/ccs1250/ccs/tools/compiler/ti-cgt-arm_20.2.7.LTS/bin/armcl" -mv7M4 --code_state=16 --float_support=vfplib -me --include_path="C:/Users/crich/Embedded Systems Workspaces/Project/gpiointerrupt_CC3220S_LAUNCHXL_nortos_ccs" --include_path="C:/Users/crich/Embedded Systems Workspaces/Project/gpiointerrupt_CC3220S_LAUNCHXL_nortos_ccs/Debug" --include_path="C:/ti/simplelink_cc32xx_sdk_4_30_00_06/source" --include_path="C:/ti/simplelink_cc32xx_sdk_4_30_00_06/kernel/nortos" --include_path="C:/ti/simplelink_cc32xx_sdk_4_30_00_06/kernel/nortos/posix" --include_path="C:/ti/ccs1250/ccs/tools/compiler/ti-cgt-arm_20.2.7.LTS/include" --define=NORTOS_SUPPORT -g --diag_warning=225 --diag_warning=255 --diag_wrap=off --display_error_number --gen_func_subsections=on --preproc_with_compile --preproc_dependency="gpiointerrupt.d_raw" --include_path="C:/Users/crich/Embedded Systems Workspaces/Project/gpiointerrupt_CC3220S_LAUNCHXL_nortos_ccs/Debug/syscfg"  "../gpiointerrupt.c"
Finished building: "../gpiointerrupt.c"
 
Building file: "syscfg/ti_drivers_config.c"
Invoking: Arm Compiler
"C:/ti/ccs1250/ccs/tools/compiler/ti-cgt-arm_20.2.7.LTS/bin/armcl" -mv7M4 --code_state=16 --float_support=vfplib -me --include_path="C:/Users/crich/Embedded Systems Workspaces/Project/gpiointerrupt_CC3220S_LAUNCHXL_nortos_ccs" --include_path="C:/Users/crich/Embedded Systems Workspaces/Project/gpiointerrupt_CC3220S_LAUNCHXL_nortos_ccs/Debug" --include_path="C:/ti/simplelink_cc32xx_sdk_4_30_00_06/source" --include_path="C:/ti/simplelink_cc32xx_sdk_4_30_00_06/kernel/nortos" --include_path="C:/ti/simplelink_cc32xx_sdk_4_30_00_06/kernel/nortos/posix" --include_path="C:/ti/ccs1250/ccs/tools/compiler/ti-cgt-arm_20.2.7.LTS/include" --define=NORTOS_SUPPORT -g --diag_warning=225 --diag_warning=255 --diag_wrap=off --display_error_number --gen_func_subsections=on --preproc_with_compile --preproc_dependency="syscfg/ti_drivers_config.d_raw" --include_path="C:/Users/crich/Embedded Systems Workspaces/Project/gpiointerrupt_CC3220S_LAUNCHXL_nortos_ccs/Debug/syscfg" --obj_directory="syscfg"  "syscfg/ti_drivers_config.c"
Finished building: "syscfg/ti_drivers_config.c"
 
Building target: "gpiointerrupt_CC3220S_LAUNCHXL_nortos_ccs.out"
Invoking: Arm Linker
"C:/ti/ccs1250/ccs/tools/compiler/ti-cgt-arm_20.2.7.LTS/bin/armcl" -mv7M4 --code_state=16 --float_support=vfplib -me --define=NORTOS_SUPPORT -g --diag_warning=225 --diag_warning=255 --diag_wrap=off --display_error_number --gen_func_subsections=on -z -m"gpiointerrupt_CC3220S_LAUNCHXL_nortos_ccs.map" -i"C:/ti/simplelink_cc32xx_sdk_4_30_00_06/source" -i"C:/ti/simplelink_cc32xx_sdk_4_30_00_06/kernel/nortos" -i"C:/Users/crich/Embedded Systems Workspaces/Project/gpiointerrupt_CC3220S_LAUNCHXL_nortos_ccs/Debug/syscfg/" -i"C:/ti/ccs1250/ccs/tools/compiler/ti-cgt-arm_20.2.7.LTS/lib" --diag_suppress=10063 --diag_wrap=off --display_error_number --warn_sections --xml_link_info="gpiointerrupt_CC3220S_LAUNCHXL_nortos_ccs_linkInfo.xml" --entry_point=resetISR --rom_model -o "gpiointerrupt_CC3220S_LAUNCHXL_nortos_ccs.out" "./gpiointerrupt.obj" "./syscfg/ti_drivers_config.obj" "./main_nortos.obj" "../cc32xxs_nortos.cmd"  -lti_utils_build_linker.cmd.genlibs -l"ti/devices/cc32xx/driverlib/ccs/Release/driverlib.a" -llibc.a 
<Linking>
Finished building target: "gpiointerrupt_CC3220S_LAUNCHXL_nortos_ccs.out"
 
C:/ti/ccs1250/ccs/tools/compiler/ti-cgt-arm_20.2.7.LTS/bin/armobjcopy -O binary --only-section .text --only-section .const --only-section .cinit --only-section .resetVecs gpiointerrupt_CC3220S_LAUNCHXL_nortos_ccs.out gpiointerrupt_CC3220S_LAUNCHXL_nortos_ccs.bin
 

**** Build Finished ****

**** Build of configuration Debug for project gpiointerrupt_CC3220S_LAUNCHXL_nortos_ccs ****

"C:\\ti\\ccs1250\\ccs\\utils\\bin\\gmake" -k -j 16 all -O 
 
Building file: "../gpiointerrupt.syscfg"
Invoking: SysConfig
"C:/ti/sysconfig_1_12_0/sysconfig_cli.bat" -s "C:/ti/simplelink_cc32xx_sdk_4_30_00_06/.metadata/product.json" --script "C:/Users/crich/Embedded Systems Workspaces/Project/gpiointerrupt_CC3220S_LAUNCHXL_nortos_ccs/gpiointerrupt.syscfg" -o "syscfg" --compiler ccs
Running script...
Validating...
Generating Code (gpiointerrupt.syscfg)...
Writing C:\Users\crich\Embedded Systems Workspaces\Project\gpiointerrupt_CC3220S_LAUNCHXL_nortos_ccs\Debug\syscfg\ti_drivers_config.c...
Writing C:\Users\crich\Embedded Systems Workspaces\Project\gpiointerrupt_CC3220S_LAUNCHXL_nortos_ccs\Debug\syscfg\ti_drivers_config.h...
Writing C:\Users\crich\Embedded Systems Workspaces\Project\gpiointerrupt_CC3220S_LAUNCHXL_nortos_ccs\Debug\syscfg\ti_utils_build_linker.cmd.genlibs...
Writing C:\Users\crich\Embedded Systems Workspaces\Project\gpiointerrupt_CC3220S_LAUNCHXL_nortos_ccs\Debug\syscfg\syscfg_c.rov.xs...
Writing C:\Users\crich\Embedded Systems Workspaces\Project\gpiointerrupt_CC3220S_LAUNCHXL_nortos_ccs\Debug\syscfg\ti_utils_runtime_model.gv...
Writing C:\Users\crich\Embedded Systems Workspaces\Project\gpiointerrupt_CC3220S_LAUNCHXL_nortos_ccs\Debug\syscfg\ti_utils_runtime_Makefile...
Finished building: "../gpiointerrupt.syscfg"
 
Building file: "../gpiointerrupt.c"
Invoking: Arm Compiler
"C:/ti/ccs1250/ccs/tools/compiler/ti-cgt-arm_20.2.7.LTS/bin/armcl" -mv7M4 --code_state=16 --float_support=vfplib -me --include_path="C:/Users/crich/Embedded Systems Workspaces/Project/gpiointerrupt_CC3220S_LAUNCHXL_nortos_ccs" --include_path="C:/Users/crich/Embedded Systems Workspaces/Project/gpiointerrupt_CC3220S_LAUNCHXL_nortos_ccs/Debug" --include_path="C:/ti/simplelink_cc32xx_sdk_4_30_00_06/source" --include_path="C:/ti/simplelink_cc32xx_sdk_4_30_00_06/kernel/nortos" --include_path="C:/ti/simplelink_cc32xx_sdk_4_30_00_06/kernel/nortos/posix" --include_path="C:/ti/ccs1250/ccs/tools/compiler/ti-cgt-arm_20.2.7.LTS/include" --define=NORTOS_SUPPORT -g --diag_warning=225 --diag_warning=255 --diag_wrap=off --display_error_number --gen_func_subsections=on --preproc_with_compile --preproc_dependency="gpiointerrupt.d_raw" --include_path="C:/Users/crich/Embedded Systems Workspaces/Project/gpiointerrupt_CC3220S_LAUNCHXL_nortos_ccs/Debug/syscfg"  "../gpiointerrupt.c"
 
>> Compilation failure
subdir_rules.mk:9: recipe for target 'gpiointerrupt.obj' failed
"../gpiointerrupt.c", line 67: error #20: identifier "CONFIG_GPIO_LED_1" is undefined
"../gpiointerrupt.c", line 80: error #20: identifier "CONFIG_GPIO_LED_1" is undefined
2 errors detected in the compilation of "../gpiointerrupt.c".
gmake: *** [gpiointerrupt.obj] Error 1
Building file: "syscfg/ti_drivers_config.c"
Invoking: Arm Compiler
"C:/ti/ccs1250/ccs/tools/compiler/ti-cgt-arm_20.2.7.LTS/bin/armcl" -mv7M4 --code_state=16 --float_support=vfplib -me --include_path="C:/Users/crich/Embedded Systems Workspaces/Project/gpiointerrupt_CC3220S_LAUNCHXL_nortos_ccs" --include_path="C:/Users/crich/Embedded Systems Workspaces/Project/gpiointerrupt_CC3220S_LAUNCHXL_nortos_ccs/Debug" --include_path="C:/ti/simplelink_cc32xx_sdk_4_30_00_06/source" --include_path="C:/ti/simplelink_cc32xx_sdk_4_30_00_06/kernel/nortos" --include_path="C:/ti/simplelink_cc32xx_sdk_4_30_00_06/kernel/nortos/posix" --include_path="C:/ti/ccs1250/ccs/tools/compiler/ti-cgt-arm_20.2.7.LTS/include" --define=NORTOS_SUPPORT -g --diag_warning=225 --diag_warning=255 --diag_wrap=off --display_error_number --gen_func_subsections=on --preproc_with_compile --preproc_dependency="syscfg/ti_drivers_config.d_raw" --include_path="C:/Users/crich/Embedded Systems Workspaces/Project/gpiointerrupt_CC3220S_LAUNCHXL_nortos_ccs/Debug/syscfg" --obj_directory="syscfg"  "syscfg/ti_drivers_config.c"
Finished building: "syscfg/ti_drivers_config.c"
 
gmake: Target 'all' not remade because of errors.

**** Build Finished ****

**** Build of configuration Debug for project gpiointerrupt_CC3220S_LAUNCHXL_nortos_ccs ****

"C:\\ti\\ccs1250\\ccs\\utils\\bin\\gmake" -k -j 16 all -O 
 
Building file: "../gpiointerrupt.c"
Invoking: Arm Compiler
"C:/ti/ccs1250/ccs/tools/compiler/ti-cgt-arm_20.2.7.LTS/bin/armcl" -mv7M4 --code_state=16 --float_support=vfplib -me --include_path="C:/Users/crich/Embedded Systems Workspaces/Project/gpiointerrupt_CC3220S_LAUNCHXL_nortos_ccs" --include_path="C:/Users/crich/Embedded Systems Workspaces/Project/gpiointerrupt_CC3220S_LAUNCHXL_nortos_ccs/Debug" --include_path="C:/ti/simplelink_cc32xx_sdk_4_30_00_06/source" --include_path="C:/ti/simplelink_cc32xx_sdk_4_30_00_06/kernel/nortos" --include_path="C:/ti/simplelink_cc32xx_sdk_4_30_00_06/kernel/nortos/posix" --include_path="C:/ti/ccs1250/ccs/tools/compiler/ti-cgt-arm_20.2.7.LTS/include" --define=NORTOS_SUPPORT -g --diag_warning=225 --diag_warning=255 --diag_wrap=off --display_error_number --gen_func_subsections=on --preproc_with_compile --preproc_dependency="gpiointerrupt.d_raw" --include_path="C:/Users/crich/Embedded Systems Workspaces/Project/gpiointerrupt_CC3220S_LAUNCHXL_nortos_ccs/Debug/syscfg"  "../gpiointerrupt.c"
 
>> Compilation failure
subdir_rules.mk:9: recipe for target 'gpiointerrupt.obj' failed
"../gpiointerrupt.c", line 57: error #20: identifier "Char" is undefined
"../gpiointerrupt.c", line 58: error #20: identifier "Int" is undefined
"../gpiointerrupt.c", line 85: warning #225-D: function "snprintf" declared implicitly
"../gpiointerrupt.c", line 134: error #20: identifier "Int" is undefined
"../gpiointerrupt.c", line 156: warning #225-D: function "snprintf" declared implicitly
3 errors detected in the compilation of "../gpiointerrupt.c".
gmake: *** [gpiointerrupt.obj] Error 1
gmake: Target 'all' not remade because of errors.

**** Build Finished ****

**** Build of configuration Debug for project gpiointerrupt_CC3220S_LAUNCHXL_nortos_ccs ****

"C:\\ti\\ccs1250\\ccs\\utils\\bin\\gmake" -k -j 16 all -O 
 
Building file: "../gpiointerrupt.c"
Invoking: Arm Compiler
"C:/ti/ccs1250/ccs/tools/compiler/ti-cgt-arm_20.2.7.LTS/bin/armcl" -mv7M4 --code_state=16 --float_support=vfplib -me --include_path="C:/Users/crich/Embedded Systems Workspaces/Project/gpiointerrupt_CC3220S_LAUNCHXL_nortos_ccs" --include_path="C:/Users/crich/Embedded Systems Workspaces/Project/gpiointerrupt_CC3220S_LAUNCHXL_nortos_ccs/Debug" --include_path="C:/ti/simplelink_cc32xx_sdk_4_30_00_06/source" --include_path="C:/ti/simplelink_cc32xx_sdk_4_30_00_06/kernel/nortos" --include_path="C:/ti/simplelink_cc32xx_sdk_4_30_00_06/kernel/nortos/posix" --include_path="C:/ti/ccs1250/ccs/tools/compiler/ti-cgt-arm_20.2.7.LTS/include" --define=NORTOS_SUPPORT -g --diag_warning=225 --diag_warning=255 --diag_wrap=off --display_error_number --gen_func_subsections=on --preproc_with_compile --preproc_dependency="gpiointerrupt.d_raw" --include_path="C:/Users/crich/Embedded Systems Workspaces/Project/gpiointerrupt_CC3220S_LAUNCHXL_nortos_ccs/Debug/syscfg"  "../gpiointerrupt.c"
"../gpiointerrupt.c", line 85: warning #225-D: function "snprintf" declared implicitly
"../gpiointerrupt.c", line 156: warning #225-D: function "snprintf" declared implicitly
"../gpiointerrupt.c", line 134: warning #179-D: variable "j" was declared but never referenced
Finished building: "../gpiointerrupt.c"
 
Building target: "gpiointerrupt_CC3220S_LAUNCHXL_nortos_ccs.out"
Invoking: Arm Linker
"C:/ti/ccs1250/ccs/tools/compiler/ti-cgt-arm_20.2.7.LTS/bin/armcl" -mv7M4 --code_state=16 --float_support=vfplib -me --define=NORTOS_SUPPORT -g --diag_warning=225 --diag_warning=255 --diag_wrap=off --display_error_number --gen_func_subsections=on -z -m"gpiointerrupt_CC3220S_LAUNCHXL_nortos_ccs.map" -i"C:/ti/simplelink_cc32xx_sdk_4_30_00_06/source" -i"C:/ti/simplelink_cc32xx_sdk_4_30_00_06/kernel/nortos" -i"C:/Users/crich/Embedded Systems Workspaces/Project/gpiointerrupt_CC3220S_LAUNCHXL_nortos_ccs/Debug/syscfg/" -i"C:/ti/ccs1250/ccs/tools/compiler/ti-cgt-arm_20.2.7.LTS/lib" --diag_suppress=10063 --diag_wrap=off --display_error_number --warn_sections --xml_link_info="gpiointerrupt_CC3220S_LAUNCHXL_nortos_ccs_linkInfo.xml" --entry_point=resetISR --rom_model -o "gpiointerrupt_CC3220S_LAUNCHXL_nortos_ccs.out" "./gpiointerrupt.obj" "./syscfg/ti_drivers_config.obj" "./main_nortos.obj" "../cc32xxs_nortos.cmd"  -lti_utils_build_linker.cmd.genlibs -l"ti/devices/cc32xx/driverlib/ccs/Release/driverlib.a" -llibc.a 
<Linking>
Finished building target: "gpiointerrupt_CC3220S_LAUNCHXL_nortos_ccs.out"
 
C:/ti/ccs1250/ccs/tools/compiler/ti-cgt-arm_20.2.7.LTS/bin/armobjcopy -O binary --only-section .text --only-section .const --only-section .cinit --only-section .resetVecs gpiointerrupt_CC3220S_LAUNCHXL_nortos_ccs.out gpiointerrupt_CC3220S_LAUNCHXL_nortos_ccs.bin
 

**** Build Finished ****

**** Build of configuration Debug for project gpiointerrupt_CC3220S_LAUNCHXL_nortos_ccs ****

"C:\\ti\\ccs1250\\ccs\\utils\\bin\\gmake" -k -j 16 all -O 
 
Building file: "../gpiointerrupt.c"
Invoking: Arm Compiler
"C:/ti/ccs1250/ccs/tools/compiler/ti-cgt-arm_20.2.7.LTS/bin/armcl" -mv7M4 --code_state=16 --float_support=vfplib -me --include_path="C:/Users/crich/Embedded Systems Workspaces/Project/gpiointerrupt_CC3220S_LAUNCHXL_nortos_ccs" --include_path="C:/Users/crich/Embedded Systems Workspaces/Project/gpiointerrupt_CC3220S_LAUNCHXL_nortos_ccs/Debug" --include_path="C:/ti/simplelink_cc32xx_sdk_4_30_00_06/source" --include_path="C:/ti/simplelink_cc32xx_sdk_4_30_00_06/kernel/nortos" --include_path="C:/ti/simplelink_cc32xx_sdk_4_30_00_06/kernel/nortos/posix" --include_path="C:/ti/ccs1250/ccs/tools/compiler/ti-cgt-arm_20.2.7.LTS/include" --define=NORTOS_SUPPORT -g --diag_warning=225 --diag_warning=255 --diag_wrap=off --display_error_number --gen_func_subsections=on --preproc_with_compile --preproc_dependency="gpiointerrupt.d_raw" --include_path="C:/Users/crich/Embedded Systems Workspaces/Project/gpiointerrupt_CC3220S_LAUNCHXL_nortos_ccs/Debug/syscfg"  "../gpiointerrupt.c"
"../gpiointerrupt.c", line 85: warning #225-D: function "snprintf" declared implicitly
"../gpiointerrupt.c", line 156: warning #225-D: function "snprintf" declared implicitly
"../gpiointerrupt.c", line 134: warning #179-D: variable "j" was declared but never referenced
Finished building: "../gpiointerrupt.c"
 
Building target: "gpiointerrupt_CC3220S_LAUNCHXL_nortos_ccs.out"
Invoking: Arm Linker
"C:/ti/ccs1250/ccs/tools/compiler/ti-cgt-arm_20.2.7.LTS/bin/armcl" -mv7M4 --code_state=16 --float_support=vfplib -me --define=NORTOS_SUPPORT -g --diag_warning=225 --diag_warning=255 --diag_wrap=off --display_error_number --gen_func_subsections=on -z -m"gpiointerrupt_CC3220S_LAUNCHXL_nortos_ccs.map" -i"C:/ti/simplelink_cc32xx_sdk_4_30_00_06/source" -i"C:/ti/simplelink_cc32xx_sdk_4_30_00_06/kernel/nortos" -i"C:/Users/crich/Embedded Systems Workspaces/Project/gpiointerrupt_CC3220S_LAUNCHXL_nortos_ccs/Debug/syscfg/" -i"C:/ti/ccs1250/ccs/tools/compiler/ti-cgt-arm_20.2.7.LTS/lib" --diag_suppress=10063 --diag_wrap=off --display_error_number --warn_sections --xml_link_info="gpiointerrupt_CC3220S_LAUNCHXL_nortos_ccs_linkInfo.xml" --entry_point=resetISR --rom_model -o "gpiointerrupt_CC3220S_LAUNCHXL_nortos_ccs.out" "./gpiointerrupt.obj" "./syscfg/ti_drivers_config.obj" "./main_nortos.obj" "../cc32xxs_nortos.cmd"  -lti_utils_build_linker.cmd.genlibs -l"ti/devices/cc32xx/driverlib/ccs/Release/driverlib.a" -llibc.a 
<Linking>
Finished building target: "gpiointerrupt_CC3220S_LAUNCHXL_nortos_ccs.out"
 
C:/ti/ccs1250/ccs/tools/compiler/ti-cgt-arm_20.2.7.LTS/bin/armobjcopy -O binary --only-section .text --only-section .const --only-section .cinit --only-section .resetVecs gpiointerrupt_CC3220S_LAUNCHXL_nortos_ccs.out gpiointerrupt_CC3220S_LAUNCHXL_nortos_ccs.bin
 

**** Build Finished ****

**** Build of configuration Debug for project gpiointerrupt_CC3220S_LAUNCHXL_nortos_ccs ****

"C:\\ti\\ccs1250\\ccs\\utils\\bin\\gmake" -k -j 16 all -O 
 
Building file: "../gpiointerrupt.c"
Invoking: Arm Compiler
"C:/ti/ccs1250/ccs/tools/compiler/ti-cgt-arm_20.2.7.LTS/bin/armcl" -mv7M4 --code_state=16 --float_support=vfplib -me --include_path="C:/Users/crich/Embedded Systems Workspaces/Project/gpiointerrupt_CC3220S_LAUNCHXL_nortos_ccs" --include_path="C:/Users/crich/Embedded Systems Workspaces/Project/gpiointerrupt_CC3220S_LAUNCHXL_nortos_ccs/Debug" --include_path="C:/ti/simplelink_cc32xx_sdk_4_30_00_06/source" --include_path="C:/ti/simplelink_cc32xx_sdk_4_30_00_06/kernel/nortos" --include_path="C:/ti/simplelink_cc32xx_sdk_4_30_00_06/kernel/nortos/posix" --include_path="C:/ti/ccs1250/ccs/tools/compiler/ti-cgt-arm_20.2.7.LTS/include" --define=NORTOS_SUPPORT -g --diag_warning=225 --diag_warning=255 --diag_wrap=off --display_error_number --gen_func_subsections=on --preproc_with_compile --preproc_dependency="gpiointerrupt.d_raw" --include_path="C:/Users/crich/Embedded Systems Workspaces/Project/gpiointerrupt_CC3220S_LAUNCHXL_nortos_ccs/Debug/syscfg"  "../gpiointerrupt.c"
"../gpiointerrupt.c", line 80: warning #377-D: declaration requires a typedef name
"../gpiointerrupt.c", line 93: warning #225-D: function "snprintf" declared implicitly
"../gpiointerrupt.c", line 164: warning #225-D: function "snprintf" declared implicitly
"../gpiointerrupt.c", line 142: warning #179-D: variable "j" was declared but never referenced
Finished building: "../gpiointerrupt.c"
 
Building target: "gpiointerrupt_CC3220S_LAUNCHXL_nortos_ccs.out"
Invoking: Arm Linker
"C:/ti/ccs1250/ccs/tools/compiler/ti-cgt-arm_20.2.7.LTS/bin/armcl" -mv7M4 --code_state=16 --float_support=vfplib -me --define=NORTOS_SUPPORT -g --diag_warning=225 --diag_warning=255 --diag_wrap=off --display_error_number --gen_func_subsections=on -z -m"gpiointerrupt_CC3220S_LAUNCHXL_nortos_ccs.map" -i"C:/ti/simplelink_cc32xx_sdk_4_30_00_06/source" -i"C:/ti/simplelink_cc32xx_sdk_4_30_00_06/kernel/nortos" -i"C:/Users/crich/Embedded Systems Workspaces/Project/gpiointerrupt_CC3220S_LAUNCHXL_nortos_ccs/Debug/syscfg/" -i"C:/ti/ccs1250/ccs/tools/compiler/ti-cgt-arm_20.2.7.LTS/lib" --diag_suppress=10063 --diag_wrap=off --display_error_number --warn_sections --xml_link_info="gpiointerrupt_CC3220S_LAUNCHXL_nortos_ccs_linkInfo.xml" --entry_point=resetISR --rom_model -o "gpiointerrupt_CC3220S_LAUNCHXL_nortos_ccs.out" "./gpiointerrupt.obj" "./syscfg/ti_drivers_config.obj" "./main_nortos.obj" "../cc32xxs_nortos.cmd"  -lti_utils_build_linker.cmd.genlibs -l"ti/devices/cc32xx/driverlib/ccs/Release/driverlib.a" -llibc.a 
<Linking>
Finished building target: "gpiointerrupt_CC3220S_LAUNCHXL_nortos_ccs.out"
 
C:/ti/ccs1250/ccs/tools/compiler/ti-cgt-arm_20.2.7.LTS/bin/armobjcopy -O binary --only-section .text --only-section .const --only-section .cinit --only-section .resetVecs gpiointerrupt_CC3220S_LAUNCHXL_nortos_ccs.out gpiointerrupt_CC3220S_LAUNCHXL_nortos_ccs.bin
 

**** Build Finished ****

**** Build of configuration Debug for project gpiointerrupt_CC3220S_LAUNCHXL_nortos_ccs ****

"C:\\ti\\ccs1250\\ccs\\utils\\bin\\gmake" -k -j 16 all -O 
 
Building file: "../gpiointerrupt.c"
Invoking: Arm Compiler
"C:/ti/ccs1250/ccs/tools/compiler/ti-cgt-arm_20.2.7.LTS/bin/armcl" -mv7M4 --code_state=16 --float_support=vfplib -me --include_path="C:/Users/crich/Embedded Systems Workspaces/Project/gpiointerrupt_CC3220S_LAUNCHXL_nortos_ccs" --include_path="C:/Users/crich/Embedded Systems Workspaces/Project/gpiointerrupt_CC3220S_LAUNCHXL_nortos_ccs/Debug" --include_path="C:/ti/simplelink_cc32xx_sdk_4_30_00_06/source" --include_path="C:/ti/simplelink_cc32xx_sdk_4_30_00_06/kernel/nortos" --include_path="C:/ti/simplelink_cc32xx_sdk_4_30_00_06/kernel/nortos/posix" --include_path="C:/ti/ccs1250/ccs/tools/compiler/ti-cgt-arm_20.2.7.LTS/include" --define=NORTOS_SUPPORT -g --diag_warning=225 --diag_warning=255 --diag_wrap=off --display_error_number --gen_func_subsections=on --preproc_with_compile --preproc_dependency="gpiointerrupt.d_raw" --include_path="C:/Users/crich/Embedded Systems Workspaces/Project/gpiointerrupt_CC3220S_LAUNCHXL_nortos_ccs/Debug/syscfg"  "../gpiointerrupt.c"
 
>> Compilation failure
subdir_rules.mk:9: recipe for target 'gpiointerrupt.obj' failed
"../gpiointerrupt.c", line 83: warning #377-D: declaration requires a typedef name
"../gpiointerrupt.c", line 96: warning #225-D: function "snprintf" declared implicitly
"../gpiointerrupt.c", line 167: warning #225-D: function "snprintf" declared implicitly
"../gpiointerrupt.c", line 145: warning #179-D: variable "j" was declared but never referenced
"../gpiointerrupt.c", line 252: error #20: identifier "Task" is undefined
"../gpiointerrupt.c", line 253: error #20: identifier "Task" is undefined
"../gpiointerrupt.c", line 253: error #66: expected a ";"
"../gpiointerrupt.c", line 258: warning #12-D: parsing restarts here after previous syntax error
"../gpiointerrupt.c", line 261: error #20: identifier "Task" is undefined
"../gpiointerrupt.c", line 262: error #20: identifier "Task" is undefined
"../gpiointerrupt.c", line 262: error #66: expected a ";"
"../gpiointerrupt.c", line 267: warning #12-D: parsing restarts here after previous syntax error
"../gpiointerrupt.c", line 270: error #20: identifier "Task" is undefined
"../gpiointerrupt.c", line 271: error #20: identifier "Task" is undefined
"../gpiointerrupt.c", line 271: error #66: expected a ";"
"../gpiointerrupt.c", line 276: warning #12-D: parsing restarts here after previous syntax error
9 errors detected in the compilation of "../gpiointerrupt.c".
gmake: *** [gpiointerrupt.obj] Error 1
gmake: Target 'all' not remade because of errors.

**** Build Finished ****

**** Build of configuration Debug for project gpiointerrupt_CC3220S_LAUNCHXL_nortos_ccs ****

"C:\\ti\\ccs1250\\ccs\\utils\\bin\\gmake" -k -j 16 all -O 
 
Building file: "../gpiointerrupt.c"
Invoking: Arm Compiler
"C:/ti/ccs1250/ccs/tools/compiler/ti-cgt-arm_20.2.7.LTS/bin/armcl" -mv7M4 --code_state=16 --float_support=vfplib -me --include_path="C:/Users/crich/Embedded Systems Workspaces/Project/gpiointerrupt_CC3220S_LAUNCHXL_nortos_ccs" --include_path="C:/Users/crich/Embedded Systems Workspaces/Project/gpiointerrupt_CC3220S_LAUNCHXL_nortos_ccs/Debug" --include_path="C:/ti/simplelink_cc32xx_sdk_4_30_00_06/source" --include_path="C:/ti/simplelink_cc32xx_sdk_4_30_00_06/kernel/nortos" --include_path="C:/ti/simplelink_cc32xx_sdk_4_30_00_06/kernel/nortos/posix" --include_path="C:/ti/ccs1250/ccs/tools/compiler/ti-cgt-arm_20.2.7.LTS/include" --define=NORTOS_SUPPORT -g --diag_warning=225 --diag_warning=255 --diag_wrap=off --display_error_number --gen_func_subsections=on --preproc_with_compile --preproc_dependency="gpiointerrupt.d_raw" --include_path="C:/Users/crich/Embedded Systems Workspaces/Project/gpiointerrupt_CC3220S_LAUNCHXL_nortos_ccs/Debug/syscfg"  "../gpiointerrupt.c"
 
>> Compilation failure
subdir_rules.mk:9: recipe for target 'gpiointerrupt.obj' failed
"../gpiointerrupt.c", line 83: warning #377-D: declaration requires a typedef name
"../gpiointerrupt.c", line 96: warning #225-D: function "snprintf" declared implicitly
"../gpiointerrupt.c", line 167: warning #225-D: function "snprintf" declared implicitly
"../gpiointerrupt.c", line 145: warning #179-D: variable "j" was declared but never referenced
"../gpiointerrupt.c", line 252: error #20: identifier "Task" is undefined
"../gpiointerrupt.c", line 253: error #20: identifier "Task" is undefined
"../gpiointerrupt.c", line 253: error #66: expected a ";"
"../gpiointerrupt.c", line 258: warning #12-D: parsing restarts here after previous syntax error
"../gpiointerrupt.c", line 259: error #20: identifier "task" is undefined
"../gpiointerrupt.c", line 262: error #20: identifier "Task" is undefined
"../gpiointerrupt.c", line 263: error #20: identifier "Task" is undefined
"../gpiointerrupt.c", line 263: error #66: expected a ";"
"../gpiointerrupt.c", line 268: warning #12-D: parsing restarts here after previous syntax error
"../gpiointerrupt.c", line 269: error #20: identifier "task" is undefined
"../gpiointerrupt.c", line 272: error #20: identifier "Task" is undefined
"../gpiointerrupt.c", line 273: error #20: identifier "Task" is undefined
"../gpiointerrupt.c", line 273: error #66: expected a ";"
"../gpiointerrupt.c", line 278: warning #12-D: parsing restarts here after previous syntax error
"../gpiointerrupt.c", line 279: error #20: identifier "task" is undefined
12 errors detected in the compilation of "../gpiointerrupt.c".
gmake: *** [gpiointerrupt.obj] Error 1
gmake: Target 'all' not remade because of errors.

**** Build Finished ****

**** Build of configuration Debug for project gpiointerrupt_CC3220S_LAUNCHXL_nortos_ccs ****

"C:\\ti\\ccs1250\\ccs\\utils\\bin\\gmake" -k -j 16 all -O 
 
Building file: "../gpiointerrupt.c"
Invoking: Arm Compiler
"C:/ti/ccs1250/ccs/tools/compiler/ti-cgt-arm_20.2.7.LTS/bin/armcl" -mv7M4 --code_state=16 --float_support=vfplib -me --include_path="C:/Users/crich/Embedded Systems Workspaces/Project/gpiointerrupt_CC3220S_LAUNCHXL_nortos_ccs" --include_path="C:/Users/crich/Embedded Systems Workspaces/Project/gpiointerrupt_CC3220S_LAUNCHXL_nortos_ccs/Debug" --include_path="C:/ti/simplelink_cc32xx_sdk_4_30_00_06/source" --include_path="C:/ti/simplelink_cc32xx_sdk_4_30_00_06/kernel/nortos" --include_path="C:/ti/simplelink_cc32xx_sdk_4_30_00_06/kernel/nortos/posix" --include_path="C:/ti/ccs1250/ccs/tools/compiler/ti-cgt-arm_20.2.7.LTS/include" --define=NORTOS_SUPPORT -g --diag_warning=225 --diag_warning=255 --diag_wrap=off --display_error_number --gen_func_subsections=on --preproc_with_compile --preproc_dependency="gpiointerrupt.d_raw" --include_path="C:/Users/crich/Embedded Systems Workspaces/Project/gpiointerrupt_CC3220S_LAUNCHXL_nortos_ccs/Debug/syscfg"  "../gpiointerrupt.c"
 
>> Compilation failure
subdir_rules.mk:9: recipe for target 'gpiointerrupt.obj' failed
"../gpiointerrupt.c", line 96: warning #225-D: function "snprintf" declared implicitly
"../gpiointerrupt.c", line 167: warning #225-D: function "snprintf" declared implicitly
"../gpiointerrupt.c", line 145: warning #179-D: variable "j" was declared but never referenced
"../gpiointerrupt.c", line 254: error #20: identifier "state" is undefined
"../gpiointerrupt.c", line 254: error #68: expected a "}"
"../gpiointerrupt.c", line 255: error #20: identifier "period" is undefined
"../gpiointerrupt.c", line 256: error #20: identifier "elapsedTime" is undefined
"../gpiointerrupt.c", line 257: error #20: identifier "TickFunc" is undefined
"../gpiointerrupt.c", line 258: warning #994-D: missing return statement at end of non-void function "initTempTask"
"../gpiointerrupt.c", line 259: error #171: expected a declaration
"../gpiointerrupt.c", line 260: error #171: expected a declaration
"../gpiointerrupt.c", line 317: warning #12-D: parsing restarts here after previous syntax error
"../gpiointerrupt.c", line 318: warning #78-D: this declaration has no storage class or type specifier
"../gpiointerrupt.c", line 318: error #148: declaration is incompatible with "void initI2C(void)" (declared at line 92)
"../gpiointerrupt.c", line 319: warning #78-D: this declaration has no storage class or type specifier
"../gpiointerrupt.c", line 319: error #148: declaration is incompatible with "void initTimer(void)" (declared at line 198)
"../gpiointerrupt.c", line 323: error #171: expected a declaration
"../gpiointerrupt.c", line 324: error #171: expected a declaration
11 errors detected in the compilation of "../gpiointerrupt.c".
gmake: *** [gpiointerrupt.obj] Error 1
gmake: Target 'all' not remade because of errors.

**** Build Finished ****

**** Build of configuration Debug for project gpiointerrupt_CC3220S_LAUNCHXL_nortos_ccs ****

"C:\\ti\\ccs1250\\ccs\\utils\\bin\\gmake" -k -j 16 all -O 
 
Building file: "../gpiointerrupt.c"
Invoking: Arm Compiler
"C:/ti/ccs1250/ccs/tools/compiler/ti-cgt-arm_20.2.7.LTS/bin/armcl" -mv7M4 --code_state=16 --float_support=vfplib -me --include_path="C:/Users/crich/Embedded Systems Workspaces/Project/gpiointerrupt_CC3220S_LAUNCHXL_nortos_ccs" --include_path="C:/Users/crich/Embedded Systems Workspaces/Project/gpiointerrupt_CC3220S_LAUNCHXL_nortos_ccs/Debug" --include_path="C:/ti/simplelink_cc32xx_sdk_4_30_00_06/source" --include_path="C:/ti/simplelink_cc32xx_sdk_4_30_00_06/kernel/nortos" --include_path="C:/ti/simplelink_cc32xx_sdk_4_30_00_06/kernel/nortos/posix" --include_path="C:/ti/ccs1250/ccs/tools/compiler/ti-cgt-arm_20.2.7.LTS/include" --define=NORTOS_SUPPORT -g --diag_warning=225 --diag_warning=255 --diag_wrap=off --display_error_number --gen_func_subsections=on --preproc_with_compile --preproc_dependency="gpiointerrupt.d_raw" --include_path="C:/Users/crich/Embedded Systems Workspaces/Project/gpiointerrupt_CC3220S_LAUNCHXL_nortos_ccs/Debug/syscfg"  "../gpiointerrupt.c"
 
>> Compilation failure
subdir_rules.mk:9: recipe for target 'gpiointerrupt.obj' failed
"../gpiointerrupt.c", line 96: warning #225-D: function "snprintf" declared implicitly
"../gpiointerrupt.c", line 167: warning #225-D: function "snprintf" declared implicitly
"../gpiointerrupt.c", line 145: warning #179-D: variable "j" was declared but never referenced
"../gpiointerrupt.c", line 254: error #68: expected a "}"
"../gpiointerrupt.c", line 255: error #29: expected an expression
"../gpiointerrupt.c", line 256: error #29: expected an expression
"../gpiointerrupt.c", line 257: error #29: expected an expression
"../gpiointerrupt.c", line 258: warning #994-D: missing return statement at end of non-void function "initTempTask"
"../gpiointerrupt.c", line 253: warning #179-D: variable "task" was declared but never referenced
"../gpiointerrupt.c", line 259: error #171: expected a declaration
"../gpiointerrupt.c", line 260: error #171: expected a declaration
"../gpiointerrupt.c", line 317: warning #12-D: parsing restarts here after previous syntax error
"../gpiointerrupt.c", line 318: warning #78-D: this declaration has no storage class or type specifier
"../gpiointerrupt.c", line 318: error #148: declaration is incompatible with "void initI2C(void)" (declared at line 92)
"../gpiointerrupt.c", line 319: warning #78-D: this declaration has no storage class or type specifier
"../gpiointerrupt.c", line 319: error #148: declaration is incompatible with "void initTimer(void)" (declared at line 198)
"../gpiointerrupt.c", line 323: error #171: expected a declaration
"../gpiointerrupt.c", line 324: error #171: expected a declaration
10 errors detected in the compilation of "../gpiointerrupt.c".
gmake: *** [gpiointerrupt.obj] Error 1
gmake: Target 'all' not remade because of errors.

**** Build Finished ****

**** Build of configuration Debug for project gpiointerrupt_CC3220S_LAUNCHXL_nortos_ccs ****

"C:\\ti\\ccs1250\\ccs\\utils\\bin\\gmake" -k -j 16 all -O 
 
Building file: "../gpiointerrupt.c"
Invoking: Arm Compiler
"C:/ti/ccs1250/ccs/tools/compiler/ti-cgt-arm_20.2.7.LTS/bin/armcl" -mv7M4 --code_state=16 --float_support=vfplib -me --include_path="C:/Users/crich/Embedded Systems Workspaces/Project/gpiointerrupt_CC3220S_LAUNCHXL_nortos_ccs" --include_path="C:/Users/crich/Embedded Systems Workspaces/Project/gpiointerrupt_CC3220S_LAUNCHXL_nortos_ccs/Debug" --include_path="C:/ti/simplelink_cc32xx_sdk_4_30_00_06/source" --include_path="C:/ti/simplelink_cc32xx_sdk_4_30_00_06/kernel/nortos" --include_path="C:/ti/simplelink_cc32xx_sdk_4_30_00_06/kernel/nortos/posix" --include_path="C:/ti/ccs1250/ccs/tools/compiler/ti-cgt-arm_20.2.7.LTS/include" --define=NORTOS_SUPPORT -g --diag_warning=225 --diag_warning=255 --diag_wrap=off --display_error_number --gen_func_subsections=on --preproc_with_compile --preproc_dependency="gpiointerrupt.d_raw" --include_path="C:/Users/crich/Embedded Systems Workspaces/Project/gpiointerrupt_CC3220S_LAUNCHXL_nortos_ccs/Debug/syscfg"  "../gpiointerrupt.c"
 
>> Compilation failure
subdir_rules.mk:9: recipe for target 'gpiointerrupt.obj' failed
"../gpiointerrupt.c", line 96: warning #225-D: function "snprintf" declared implicitly
"../gpiointerrupt.c", line 167: warning #225-D: function "snprintf" declared implicitly
"../gpiointerrupt.c", line 145: warning #179-D: variable "j" was declared but never referenced
"../gpiointerrupt.c", line 257: warning #145-D: a value of type "void (*)(void)" cannot be used to initialize an entity of type "int (*)(int)"
"../gpiointerrupt.c", line 264: error #68: expected a "}"
"../gpiointerrupt.c", line 265: error #29: expected an expression
"../gpiointerrupt.c", line 266: error #29: expected an expression
"../gpiointerrupt.c", line 267: error #29: expected an expression
"../gpiointerrupt.c", line 268: warning #994-D: missing return statement at end of non-void function "initButtonTask"
"../gpiointerrupt.c", line 263: warning #179-D: variable "task" was declared but never referenced
"../gpiointerrupt.c", line 269: error #171: expected a declaration
"../gpiointerrupt.c", line 270: error #171: expected a declaration
"../gpiointerrupt.c", line 317: warning #12-D: parsing restarts here after previous syntax error
"../gpiointerrupt.c", line 318: warning #78-D: this declaration has no storage class or type specifier
"../gpiointerrupt.c", line 318: error #148: declaration is incompatible with "void initI2C(void)" (declared at line 92)
"../gpiointerrupt.c", line 319: warning #78-D: this declaration has no storage class or type specifier
"../gpiointerrupt.c", line 319: error #148: declaration is incompatible with "void initTimer(void)" (declared at line 198)
"../gpiointerrupt.c", line 323: error #171: expected a declaration
"../gpiointerrupt.c", line 324: error #171: expected a declaration
10 errors detected in the compilation of "../gpiointerrupt.c".
gmake: *** [gpiointerrupt.obj] Error 1
gmake: Target 'all' not remade because of errors.

**** Build Finished ****

**** Build of configuration Debug for project gpiointerrupt_CC3220S_LAUNCHXL_nortos_ccs ****

"C:\\ti\\ccs1250\\ccs\\utils\\bin\\gmake" -k -j 16 all -O 
 
Building file: "../gpiointerrupt.c"
Invoking: Arm Compiler
"C:/ti/ccs1250/ccs/tools/compiler/ti-cgt-arm_20.2.7.LTS/bin/armcl" -mv7M4 --code_state=16 --float_support=vfplib -me --include_path="C:/Users/crich/Embedded Systems Workspaces/Project/gpiointerrupt_CC3220S_LAUNCHXL_nortos_ccs" --include_path="C:/Users/crich/Embedded Systems Workspaces/Project/gpiointerrupt_CC3220S_LAUNCHXL_nortos_ccs/Debug" --include_path="C:/ti/simplelink_cc32xx_sdk_4_30_00_06/source" --include_path="C:/ti/simplelink_cc32xx_sdk_4_30_00_06/kernel/nortos" --include_path="C:/ti/simplelink_cc32xx_sdk_4_30_00_06/kernel/nortos/posix" --include_path="C:/ti/ccs1250/ccs/tools/compiler/ti-cgt-arm_20.2.7.LTS/include" --define=NORTOS_SUPPORT -g --diag_warning=225 --diag_warning=255 --diag_wrap=off --display_error_number --gen_func_subsections=on --preproc_with_compile --preproc_dependency="gpiointerrupt.d_raw" --include_path="C:/Users/crich/Embedded Systems Workspaces/Project/gpiointerrupt_CC3220S_LAUNCHXL_nortos_ccs/Debug/syscfg"  "../gpiointerrupt.c"
"../gpiointerrupt.c", line 96: warning #225-D: function "snprintf" declared implicitly
"../gpiointerrupt.c", line 167: warning #225-D: function "snprintf" declared implicitly
"../gpiointerrupt.c", line 145: warning #179-D: variable "j" was declared but never referenced
"../gpiointerrupt.c", line 257: warning #145-D: a value of type "void (*)(void)" cannot be used to initialize an entity of type "int (*)(int)"
"../gpiointerrupt.c", line 267: warning #145-D: a value of type "void (*)(void)" cannot be used to initialize an entity of type "int (*)(int)"
"../gpiointerrupt.c", line 277: warning #145-D: a value of type "void (*)(void)" cannot be used to initialize an entity of type "int (*)(int)"
Finished building: "../gpiointerrupt.c"
 
Building target: "gpiointerrupt_CC3220S_LAUNCHXL_nortos_ccs.out"
Invoking: Arm Linker
"C:/ti/ccs1250/ccs/tools/compiler/ti-cgt-arm_20.2.7.LTS/bin/armcl" -mv7M4 --code_state=16 --float_support=vfplib -me --define=NORTOS_SUPPORT -g --diag_warning=225 --diag_warning=255 --diag_wrap=off --display_error_number --gen_func_subsections=on -z -m"gpiointerrupt_CC3220S_LAUNCHXL_nortos_ccs.map" -i"C:/ti/simplelink_cc32xx_sdk_4_30_00_06/source" -i"C:/ti/simplelink_cc32xx_sdk_4_30_00_06/kernel/nortos" -i"C:/Users/crich/Embedded Systems Workspaces/Project/gpiointerrupt_CC3220S_LAUNCHXL_nortos_ccs/Debug/syscfg/" -i"C:/ti/ccs1250/ccs/tools/compiler/ti-cgt-arm_20.2.7.LTS/lib" --diag_suppress=10063 --diag_wrap=off --display_error_number --warn_sections --xml_link_info="gpiointerrupt_CC3220S_LAUNCHXL_nortos_ccs_linkInfo.xml" --entry_point=resetISR --rom_model -o "gpiointerrupt_CC3220S_LAUNCHXL_nortos_ccs.out" "./gpiointerrupt.obj" "./syscfg/ti_drivers_config.obj" "./main_nortos.obj" "../cc32xxs_nortos.cmd"  -lti_utils_build_linker.cmd.genlibs -l"ti/devices/cc32xx/driverlib/ccs/Release/driverlib.a" -llibc.a 
<Linking>
Finished building target: "gpiointerrupt_CC3220S_LAUNCHXL_nortos_ccs.out"
 
C:/ti/ccs1250/ccs/tools/compiler/ti-cgt-arm_20.2.7.LTS/bin/armobjcopy -O binary --only-section .text --only-section .const --only-section .cinit --only-section .resetVecs gpiointerrupt_CC3220S_LAUNCHXL_nortos_ccs.out gpiointerrupt_CC3220S_LAUNCHXL_nortos_ccs.bin
 

**** Build Finished ****

**** Build of configuration Debug for project gpiointerrupt_CC3220S_LAUNCHXL_nortos_ccs ****

"C:\\ti\\ccs1250\\ccs\\utils\\bin\\gmake" -k -j 16 all -O 
 
Building file: "../gpiointerrupt.c"
Invoking: Arm Compiler
"C:/ti/ccs1250/ccs/tools/compiler/ti-cgt-arm_20.2.7.LTS/bin/armcl" -mv7M4 --code_state=16 --float_support=vfplib -me --include_path="C:/Users/crich/Embedded Systems Workspaces/Project/gpiointerrupt_CC3220S_LAUNCHXL_nortos_ccs" --include_path="C:/Users/crich/Embedded Systems Workspaces/Project/gpiointerrupt_CC3220S_LAUNCHXL_nortos_ccs/Debug" --include_path="C:/ti/simplelink_cc32xx_sdk_4_30_00_06/source" --include_path="C:/ti/simplelink_cc32xx_sdk_4_30_00_06/kernel/nortos" --include_path="C:/ti/simplelink_cc32xx_sdk_4_30_00_06/kernel/nortos/posix" --include_path="C:/ti/ccs1250/ccs/tools/compiler/ti-cgt-arm_20.2.7.LTS/include" --define=NORTOS_SUPPORT -g --diag_warning=225 --diag_warning=255 --diag_wrap=off --display_error_number --gen_func_subsections=on --preproc_with_compile --preproc_dependency="gpiointerrupt.d_raw" --include_path="C:/Users/crich/Embedded Systems Workspaces/Project/gpiointerrupt_CC3220S_LAUNCHXL_nortos_ccs/Debug/syscfg"  "../gpiointerrupt.c"
 
>> Compilation failure
subdir_rules.mk:9: recipe for target 'gpiointerrupt.obj' failed
"../gpiointerrupt.c", line 96: warning #225-D: function "snprintf" declared implicitly
"../gpiointerrupt.c", line 167: warning #225-D: function "snprintf" declared implicitly
"../gpiointerrupt.c", line 145: warning #179-D: variable "j" was declared but never referenced
"../gpiointerrupt.c", line 257: warning #145-D: a value of type "void (*)(void)" cannot be used to initialize an entity of type "int (*)(int)"
"../gpiointerrupt.c", line 264: error #20: identifier "state" is undefined
"../gpiointerrupt.c", line 267: warning #145-D: a value of type "void (*)(void)" cannot be used to initialize an entity of type "int (*)(int)"
"../gpiointerrupt.c", line 277: warning #145-D: a value of type "void (*)(void)" cannot be used to initialize an entity of type "int (*)(int)"
1 error detected in the compilation of "../gpiointerrupt.c".
gmake: *** [gpiointerrupt.obj] Error 1
gmake: Target 'all' not remade because of errors.

**** Build Finished ****

**** Build of configuration Debug for project gpiointerrupt_CC3220S_LAUNCHXL_nortos_ccs ****

"C:\\ti\\ccs1250\\ccs\\utils\\bin\\gmake" -k -j 16 all -O 
 
Building file: "../gpiointerrupt.c"
Invoking: Arm Compiler
"C:/ti/ccs1250/ccs/tools/compiler/ti-cgt-arm_20.2.7.LTS/bin/armcl" -mv7M4 --code_state=16 --float_support=vfplib -me --include_path="C:/Users/crich/Embedded Systems Workspaces/Project/gpiointerrupt_CC3220S_LAUNCHXL_nortos_ccs" --include_path="C:/Users/crich/Embedded Systems Workspaces/Project/gpiointerrupt_CC3220S_LAUNCHXL_nortos_ccs/Debug" --include_path="C:/ti/simplelink_cc32xx_sdk_4_30_00_06/source" --include_path="C:/ti/simplelink_cc32xx_sdk_4_30_00_06/kernel/nortos" --include_path="C:/ti/simplelink_cc32xx_sdk_4_30_00_06/kernel/nortos/posix" --include_path="C:/ti/ccs1250/ccs/tools/compiler/ti-cgt-arm_20.2.7.LTS/include" --define=NORTOS_SUPPORT -g --diag_warning=225 --diag_warning=255 --diag_wrap=off --display_error_number --gen_func_subsections=on --preproc_with_compile --preproc_dependency="gpiointerrupt.d_raw" --include_path="C:/Users/crich/Embedded Systems Workspaces/Project/gpiointerrupt_CC3220S_LAUNCHXL_nortos_ccs/Debug/syscfg"  "../gpiointerrupt.c"
"../gpiointerrupt.c", line 96: warning #225-D: function "snprintf" declared implicitly
"../gpiointerrupt.c", line 167: warning #225-D: function "snprintf" declared implicitly
"../gpiointerrupt.c", line 145: warning #179-D: variable "j" was declared but never referenced
"../gpiointerrupt.c", line 257: warning #145-D: a value of type "void (*)(void)" cannot be used to initialize an entity of type "int (*)(int)"
"../gpiointerrupt.c", line 267: warning #145-D: a value of type "void (*)(void)" cannot be used to initialize an entity of type "int (*)(int)"
"../gpiointerrupt.c", line 277: warning #145-D: a value of type "void (*)(void)" cannot be used to initialize an entity of type "int (*)(int)"
Finished building: "../gpiointerrupt.c"
 
Building target: "gpiointerrupt_CC3220S_LAUNCHXL_nortos_ccs.out"
Invoking: Arm Linker
"C:/ti/ccs1250/ccs/tools/compiler/ti-cgt-arm_20.2.7.LTS/bin/armcl" -mv7M4 --code_state=16 --float_support=vfplib -me --define=NORTOS_SUPPORT -g --diag_warning=225 --diag_warning=255 --diag_wrap=off --display_error_number --gen_func_subsections=on -z -m"gpiointerrupt_CC3220S_LAUNCHXL_nortos_ccs.map" -i"C:/ti/simplelink_cc32xx_sdk_4_30_00_06/source" -i"C:/ti/simplelink_cc32xx_sdk_4_30_00_06/kernel/nortos" -i"C:/Users/crich/Embedded Systems Workspaces/Project/gpiointerrupt_CC3220S_LAUNCHXL_nortos_ccs/Debug/syscfg/" -i"C:/ti/ccs1250/ccs/tools/compiler/ti-cgt-arm_20.2.7.LTS/lib" --diag_suppress=10063 --diag_wrap=off --display_error_number --warn_sections --xml_link_info="gpiointerrupt_CC3220S_LAUNCHXL_nortos_ccs_linkInfo.xml" --entry_point=resetISR --rom_model -o "gpiointerrupt_CC3220S_LAUNCHXL_nortos_ccs.out" "./gpiointerrupt.obj" "./syscfg/ti_drivers_config.obj" "./main_nortos.obj" "../cc32xxs_nortos.cmd"  -lti_utils_build_linker.cmd.genlibs -l"ti/devices/cc32xx/driverlib/ccs/Release/driverlib.a" -llibc.a 
<Linking>
Finished building target: "gpiointerrupt_CC3220S_LAUNCHXL_nortos_ccs.out"
 
C:/ti/ccs1250/ccs/tools/compiler/ti-cgt-arm_20.2.7.LTS/bin/armobjcopy -O binary --only-section .text --only-section .const --only-section .cinit --only-section .resetVecs gpiointerrupt_CC3220S_LAUNCHXL_nortos_ccs.out gpiointerrupt_CC3220S_LAUNCHXL_nortos_ccs.bin
 

**** Build Finished ****

**** Build of configuration Debug for project gpiointerrupt_CC3220S_LAUNCHXL_nortos_ccs ****

"C:\\ti\\ccs1250\\ccs\\utils\\bin\\gmake" -k -j 16 all -O 
 
Building file: "../gpiointerrupt.c"
Invoking: Arm Compiler
"C:/ti/ccs1250/ccs/tools/compiler/ti-cgt-arm_20.2.7.LTS/bin/armcl" -mv7M4 --code_state=16 --float_support=vfplib -me --include_path="C:/Users/crich/Embedded Systems Workspaces/Project/gpiointerrupt_CC3220S_LAUNCHXL_nortos_ccs" --include_path="C:/Users/crich/Embedded Systems Workspaces/Project/gpiointerrupt_CC3220S_LAUNCHXL_nortos_ccs/Debug" --include_path="C:/ti/simplelink_cc32xx_sdk_4_30_00_06/source" --include_path="C:/ti/simplelink_cc32xx_sdk_4_30_00_06/kernel/nortos" --include_path="C:/ti/simplelink_cc32xx_sdk_4_30_00_06/kernel/nortos/posix" --include_path="C:/ti/ccs1250/ccs/tools/compiler/ti-cgt-arm_20.2.7.LTS/include" --define=NORTOS_SUPPORT -g --diag_warning=225 --diag_warning=255 --diag_wrap=off --display_error_number --gen_func_subsections=on --preproc_with_compile --preproc_dependency="gpiointerrupt.d_raw" --include_path="C:/Users/crich/Embedded Systems Workspaces/Project/gpiointerrupt_CC3220S_LAUNCHXL_nortos_ccs/Debug/syscfg"  "../gpiointerrupt.c"
"../gpiointerrupt.c", line 96: warning #225-D: function "snprintf" declared implicitly
"../gpiointerrupt.c", line 167: warning #225-D: function "snprintf" declared implicitly
"../gpiointerrupt.c", line 145: warning #179-D: variable "j" was declared but never referenced
"../gpiointerrupt.c", line 257: warning #145-D: a value of type "void (*)(void)" cannot be used to initialize an entity of type "int (*)(int)"
"../gpiointerrupt.c", line 267: warning #145-D: a value of type "void (*)(void)" cannot be used to initialize an entity of type "int (*)(int)"
"../gpiointerrupt.c", line 277: warning #145-D: a value of type "void (*)(void)" cannot be used to initialize an entity of type "int (*)(int)"
Finished building: "../gpiointerrupt.c"
 
Building target: "gpiointerrupt_CC3220S_LAUNCHXL_nortos_ccs.out"
Invoking: Arm Linker
"C:/ti/ccs1250/ccs/tools/compiler/ti-cgt-arm_20.2.7.LTS/bin/armcl" -mv7M4 --code_state=16 --float_support=vfplib -me --define=NORTOS_SUPPORT -g --diag_warning=225 --diag_warning=255 --diag_wrap=off --display_error_number --gen_func_subsections=on -z -m"gpiointerrupt_CC3220S_LAUNCHXL_nortos_ccs.map" -i"C:/ti/simplelink_cc32xx_sdk_4_30_00_06/source" -i"C:/ti/simplelink_cc32xx_sdk_4_30_00_06/kernel/nortos" -i"C:/Users/crich/Embedded Systems Workspaces/Project/gpiointerrupt_CC3220S_LAUNCHXL_nortos_ccs/Debug/syscfg/" -i"C:/ti/ccs1250/ccs/tools/compiler/ti-cgt-arm_20.2.7.LTS/lib" --diag_suppress=10063 --diag_wrap=off --display_error_number --warn_sections --xml_link_info="gpiointerrupt_CC3220S_LAUNCHXL_nortos_ccs_linkInfo.xml" --entry_point=resetISR --rom_model -o "gpiointerrupt_CC3220S_LAUNCHXL_nortos_ccs.out" "./gpiointerrupt.obj" "./syscfg/ti_drivers_config.obj" "./main_nortos.obj" "../cc32xxs_nortos.cmd"  -lti_utils_build_linker.cmd.genlibs -l"ti/devices/cc32xx/driverlib/ccs/Release/driverlib.a" -llibc.a 
<Linking>
Finished building target: "gpiointerrupt_CC3220S_LAUNCHXL_nortos_ccs.out"
 
C:/ti/ccs1250/ccs/tools/compiler/ti-cgt-arm_20.2.7.LTS/bin/armobjcopy -O binary --only-section .text --only-section .const --only-section .cinit --only-section .resetVecs gpiointerrupt_CC3220S_LAUNCHXL_nortos_ccs.out gpiointerrupt_CC3220S_LAUNCHXL_nortos_ccs.bin
 

**** Build Finished ****

**** Build of configuration Debug for project gpiointerrupt_CC3220S_LAUNCHXL_nortos_ccs ****

"C:\\ti\\ccs1250\\ccs\\utils\\bin\\gmake" -k -j 16 all -O 
 
Building file: "../gpiointerrupt.c"
Invoking: Arm Compiler
"C:/ti/ccs1250/ccs/tools/compiler/ti-cgt-arm_20.2.7.LTS/bin/armcl" -mv7M4 --code_state=16 --float_support=vfplib -me --include_path="C:/Users/crich/Embedded Systems Workspaces/Project/gpiointerrupt_CC3220S_LAUNCHXL_nortos_ccs" --include_path="C:/Users/crich/Embedded Systems Workspaces/Project/gpiointerrupt_CC3220S_LAUNCHXL_nortos_ccs/Debug" --include_path="C:/ti/simplelink_cc32xx_sdk_4_30_00_06/source" --include_path="C:/ti/simplelink_cc32xx_sdk_4_30_00_06/kernel/nortos" --include_path="C:/ti/simplelink_cc32xx_sdk_4_30_00_06/kernel/nortos/posix" --include_path="C:/ti/ccs1250/ccs/tools/compiler/ti-cgt-arm_20.2.7.LTS/include" --define=NORTOS_SUPPORT -g --diag_warning=225 --diag_warning=255 --diag_wrap=off --display_error_number --gen_func_subsections=on --preproc_with_compile --preproc_dependency="gpiointerrupt.d_raw" --include_path="C:/Users/crich/Embedded Systems Workspaces/Project/gpiointerrupt_CC3220S_LAUNCHXL_nortos_ccs/Debug/syscfg"  "../gpiointerrupt.c"
"../gpiointerrupt.c", line 96: warning #225-D: function "snprintf" declared implicitly
"../gpiointerrupt.c", line 167: warning #225-D: function "snprintf" declared implicitly
"../gpiointerrupt.c", line 145: warning #179-D: variable "j" was declared but never referenced
"../gpiointerrupt.c", line 257: warning #145-D: a value of type "void (*)(void)" cannot be used to initialize an entity of type "int (*)(int)"
"../gpiointerrupt.c", line 267: warning #145-D: a value of type "void (*)(void)" cannot be used to initialize an entity of type "int (*)(int)"
"../gpiointerrupt.c", line 277: warning #145-D: a value of type "void (*)(void)" cannot be used to initialize an entity of type "int (*)(int)"
Finished building: "../gpiointerrupt.c"
 
Building target: "gpiointerrupt_CC3220S_LAUNCHXL_nortos_ccs.out"
Invoking: Arm Linker
"C:/ti/ccs1250/ccs/tools/compiler/ti-cgt-arm_20.2.7.LTS/bin/armcl" -mv7M4 --code_state=16 --float_support=vfplib -me --define=NORTOS_SUPPORT -g --diag_warning=225 --diag_warning=255 --diag_wrap=off --display_error_number --gen_func_subsections=on -z -m"gpiointerrupt_CC3220S_LAUNCHXL_nortos_ccs.map" -i"C:/ti/simplelink_cc32xx_sdk_4_30_00_06/source" -i"C:/ti/simplelink_cc32xx_sdk_4_30_00_06/kernel/nortos" -i"C:/Users/crich/Embedded Systems Workspaces/Project/gpiointerrupt_CC3220S_LAUNCHXL_nortos_ccs/Debug/syscfg/" -i"C:/ti/ccs1250/ccs/tools/compiler/ti-cgt-arm_20.2.7.LTS/lib" --diag_suppress=10063 --diag_wrap=off --display_error_number --warn_sections --xml_link_info="gpiointerrupt_CC3220S_LAUNCHXL_nortos_ccs_linkInfo.xml" --entry_point=resetISR --rom_model -o "gpiointerrupt_CC3220S_LAUNCHXL_nortos_ccs.out" "./gpiointerrupt.obj" "./syscfg/ti_drivers_config.obj" "./main_nortos.obj" "../cc32xxs_nortos.cmd"  -lti_utils_build_linker.cmd.genlibs -l"ti/devices/cc32xx/driverlib/ccs/Release/driverlib.a" -llibc.a 
<Linking>
Finished building target: "gpiointerrupt_CC3220S_LAUNCHXL_nortos_ccs.out"
 
C:/ti/ccs1250/ccs/tools/compiler/ti-cgt-arm_20.2.7.LTS/bin/armobjcopy -O binary --only-section .text --only-section .const --only-section .cinit --only-section .resetVecs gpiointerrupt_CC3220S_LAUNCHXL_nortos_ccs.out gpiointerrupt_CC3220S_LAUNCHXL_nortos_ccs.bin
 

**** Build Finished ****

**** Build of configuration Debug for project gpiointerrupt_CC3220S_LAUNCHXL_nortos_ccs ****

"C:\\ti\\ccs1250\\ccs\\utils\\bin\\gmake" -k -j 16 all -O 
 
Building file: "../gpiointerrupt.c"
Invoking: Arm Compiler
"C:/ti/ccs1250/ccs/tools/compiler/ti-cgt-arm_20.2.7.LTS/bin/armcl" -mv7M4 --code_state=16 --float_support=vfplib -me --include_path="C:/Users/crich/Embedded Systems Workspaces/Project/gpiointerrupt_CC3220S_LAUNCHXL_nortos_ccs" --include_path="C:/Users/crich/Embedded Systems Workspaces/Project/gpiointerrupt_CC3220S_LAUNCHXL_nortos_ccs/Debug" --include_path="C:/ti/simplelink_cc32xx_sdk_4_30_00_06/source" --include_path="C:/ti/simplelink_cc32xx_sdk_4_30_00_06/kernel/nortos" --include_path="C:/ti/simplelink_cc32xx_sdk_4_30_00_06/kernel/nortos/posix" --include_path="C:/ti/ccs1250/ccs/tools/compiler/ti-cgt-arm_20.2.7.LTS/include" --define=NORTOS_SUPPORT -g --diag_warning=225 --diag_warning=255 --diag_wrap=off --display_error_number --gen_func_subsections=on --preproc_with_compile --preproc_dependency="gpiointerrupt.d_raw" --include_path="C:/Users/crich/Embedded Systems Workspaces/Project/gpiointerrupt_CC3220S_LAUNCHXL_nortos_ccs/Debug/syscfg"  "../gpiointerrupt.c"
 
>> Compilation failure
subdir_rules.mk:9: recipe for target 'gpiointerrupt.obj' failed
"../gpiointerrupt.c", line 100: warning #225-D: function "snprintf" declared implicitly
"../gpiointerrupt.c", line 171: warning #225-D: function "snprintf" declared implicitly
"../gpiointerrupt.c", line 149: warning #179-D: variable "j" was declared but never referenced
"../gpiointerrupt.c", line 206: error #29: expected an expression
"../gpiointerrupt.c", line 258: error #760: variable "SM_ButtonState" is not a type name
"../gpiointerrupt.c", line 260: error #760: variable "SM_TempState" is not a type name
"../gpiointerrupt.c", line 262: error #760: variable "SM_ReportState" is not a type name
"../gpiointerrupt.c", line 269: warning #145-D: a value of type "<error-type> (*)(void)" cannot be used to initialize an entity of type "int (*)(int)"
"../gpiointerrupt.c", line 279: warning #145-D: a value of type "<error-type> (*)(void)" cannot be used to initialize an entity of type "int (*)(int)"
"../gpiointerrupt.c", line 289: warning #145-D: a value of type "<error-type> (*)(void)" cannot be used to initialize an entity of type "int (*)(int)"
4 errors detected in the compilation of "../gpiointerrupt.c".
gmake: *** [gpiointerrupt.obj] Error 1
gmake: Target 'all' not remade because of errors.

**** Build Finished ****

**** Build of configuration Debug for project gpiointerrupt_CC3220S_LAUNCHXL_nortos_ccs ****

"C:\\ti\\ccs1250\\ccs\\utils\\bin\\gmake" -k -j 16 all -O 
 
Building file: "../gpiointerrupt.c"
Invoking: Arm Compiler
"C:/ti/ccs1250/ccs/tools/compiler/ti-cgt-arm_20.2.7.LTS/bin/armcl" -mv7M4 --code_state=16 --float_support=vfplib -me --include_path="C:/Users/crich/Embedded Systems Workspaces/Project/gpiointerrupt_CC3220S_LAUNCHXL_nortos_ccs" --include_path="C:/Users/crich/Embedded Systems Workspaces/Project/gpiointerrupt_CC3220S_LAUNCHXL_nortos_ccs/Debug" --include_path="C:/ti/simplelink_cc32xx_sdk_4_30_00_06/source" --include_path="C:/ti/simplelink_cc32xx_sdk_4_30_00_06/kernel/nortos" --include_path="C:/ti/simplelink_cc32xx_sdk_4_30_00_06/kernel/nortos/posix" --include_path="C:/ti/ccs1250/ccs/tools/compiler/ti-cgt-arm_20.2.7.LTS/include" --define=NORTOS_SUPPORT -g --diag_warning=225 --diag_warning=255 --diag_wrap=off --display_error_number --gen_func_subsections=on --preproc_with_compile --preproc_dependency="gpiointerrupt.d_raw" --include_path="C:/Users/crich/Embedded Systems Workspaces/Project/gpiointerrupt_CC3220S_LAUNCHXL_nortos_ccs/Debug/syscfg"  "../gpiointerrupt.c"
 
>> Compilation failure
subdir_rules.mk:9: recipe for target 'gpiointerrupt.obj' failed
"../gpiointerrupt.c", line 100: warning #225-D: function "snprintf" declared implicitly
"../gpiointerrupt.c", line 171: warning #225-D: function "snprintf" declared implicitly
"../gpiointerrupt.c", line 149: warning #179-D: variable "j" was declared but never referenced
"../gpiointerrupt.c", line 206: error #29: expected an expression
"../gpiointerrupt.c", line 258: warning #994-D: missing return statement at end of non-void function "tickFct_ButtonPress"
"../gpiointerrupt.c", line 260: warning #994-D: missing return statement at end of non-void function "tickFct_ReadTemp"
"../gpiointerrupt.c", line 262: warning #994-D: missing return statement at end of non-void function "tickFnct_Report"
"../gpiointerrupt.c", line 269: warning #145-D: a value of type "SM_TempState (*)(void)" cannot be used to initialize an entity of type "int (*)(int)"
"../gpiointerrupt.c", line 279: warning #145-D: a value of type "SM_ButtonState (*)(void)" cannot be used to initialize an entity of type "int (*)(int)"
"../gpiointerrupt.c", line 289: warning #145-D: a value of type "SM_ReportState (*)(void)" cannot be used to initialize an entity of type "int (*)(int)"
1 error detected in the compilation of "../gpiointerrupt.c".
gmake: *** [gpiointerrupt.obj] Error 1
gmake: Target 'all' not remade because of errors.

**** Build Finished ****

**** Build of configuration Debug for project gpiointerrupt_CC3220S_LAUNCHXL_nortos_ccs ****

"C:\\ti\\ccs1250\\ccs\\utils\\bin\\gmake" -k -j 16 all -O 
 
Building file: "../gpiointerrupt.c"
Invoking: Arm Compiler
"C:/ti/ccs1250/ccs/tools/compiler/ti-cgt-arm_20.2.7.LTS/bin/armcl" -mv7M4 --code_state=16 --float_support=vfplib -me --include_path="C:/Users/crich/Embedded Systems Workspaces/Project/gpiointerrupt_CC3220S_LAUNCHXL_nortos_ccs" --include_path="C:/Users/crich/Embedded Systems Workspaces/Project/gpiointerrupt_CC3220S_LAUNCHXL_nortos_ccs/Debug" --include_path="C:/ti/simplelink_cc32xx_sdk_4_30_00_06/source" --include_path="C:/ti/simplelink_cc32xx_sdk_4_30_00_06/kernel/nortos" --include_path="C:/ti/simplelink_cc32xx_sdk_4_30_00_06/kernel/nortos/posix" --include_path="C:/ti/ccs1250/ccs/tools/compiler/ti-cgt-arm_20.2.7.LTS/include" --define=NORTOS_SUPPORT -g --diag_warning=225 --diag_warning=255 --diag_wrap=off --display_error_number --gen_func_subsections=on --preproc_with_compile --preproc_dependency="gpiointerrupt.d_raw" --include_path="C:/Users/crich/Embedded Systems Workspaces/Project/gpiointerrupt_CC3220S_LAUNCHXL_nortos_ccs/Debug/syscfg"  "../gpiointerrupt.c"
"../gpiointerrupt.c", line 100: warning #225-D: function "snprintf" declared implicitly
"../gpiointerrupt.c", line 171: warning #225-D: function "snprintf" declared implicitly
"../gpiointerrupt.c", line 149: warning #179-D: variable "j" was declared but never referenced
"../gpiointerrupt.c", line 258: warning #994-D: missing return statement at end of non-void function "tickFct_ButtonPress"
"../gpiointerrupt.c", line 260: warning #994-D: missing return statement at end of non-void function "tickFct_ReadTemp"
"../gpiointerrupt.c", line 262: warning #994-D: missing return statement at end of non-void function "tickFnct_Report"
"../gpiointerrupt.c", line 269: warning #145-D: a value of type "SM_TempState (*)(void)" cannot be used to initialize an entity of type "int (*)(int)"
"../gpiointerrupt.c", line 279: warning #145-D: a value of type "SM_ButtonState (*)(void)" cannot be used to initialize an entity of type "int (*)(int)"
"../gpiointerrupt.c", line 289: warning #145-D: a value of type "SM_ReportState (*)(void)" cannot be used to initialize an entity of type "int (*)(int)"
Finished building: "../gpiointerrupt.c"
 
Building target: "gpiointerrupt_CC3220S_LAUNCHXL_nortos_ccs.out"
Invoking: Arm Linker
"C:/ti/ccs1250/ccs/tools/compiler/ti-cgt-arm_20.2.7.LTS/bin/armcl" -mv7M4 --code_state=16 --float_support=vfplib -me --define=NORTOS_SUPPORT -g --diag_warning=225 --diag_warning=255 --diag_wrap=off --display_error_number --gen_func_subsections=on -z -m"gpiointerrupt_CC3220S_LAUNCHXL_nortos_ccs.map" -i"C:/ti/simplelink_cc32xx_sdk_4_30_00_06/source" -i"C:/ti/simplelink_cc32xx_sdk_4_30_00_06/kernel/nortos" -i"C:/Users/crich/Embedded Systems Workspaces/Project/gpiointerrupt_CC3220S_LAUNCHXL_nortos_ccs/Debug/syscfg/" -i"C:/ti/ccs1250/ccs/tools/compiler/ti-cgt-arm_20.2.7.LTS/lib" --diag_suppress=10063 --diag_wrap=off --display_error_number --warn_sections --xml_link_info="gpiointerrupt_CC3220S_LAUNCHXL_nortos_ccs_linkInfo.xml" --entry_point=resetISR --rom_model -o "gpiointerrupt_CC3220S_LAUNCHXL_nortos_ccs.out" "./gpiointerrupt.obj" "./syscfg/ti_drivers_config.obj" "./main_nortos.obj" "../cc32xxs_nortos.cmd"  -lti_utils_build_linker.cmd.genlibs -l"ti/devices/cc32xx/driverlib/ccs/Release/driverlib.a" -llibc.a 
<Linking>
Finished building target: "gpiointerrupt_CC3220S_LAUNCHXL_nortos_ccs.out"
 
C:/ti/ccs1250/ccs/tools/compiler/ti-cgt-arm_20.2.7.LTS/bin/armobjcopy -O binary --only-section .text --only-section .const --only-section .cinit --only-section .resetVecs gpiointerrupt_CC3220S_LAUNCHXL_nortos_ccs.out gpiointerrupt_CC3220S_LAUNCHXL_nortos_ccs.bin
 

**** Build Finished ****

**** Build of configuration Debug for project gpiointerrupt_CC3220S_LAUNCHXL_nortos_ccs ****

"C:\\ti\\ccs1250\\ccs\\utils\\bin\\gmake" -k -j 16 all -O 
 
Building file: "../gpiointerrupt.c"
Invoking: Arm Compiler
"C:/ti/ccs1250/ccs/tools/compiler/ti-cgt-arm_20.2.7.LTS/bin/armcl" -mv7M4 --code_state=16 --float_support=vfplib -me --include_path="C:/Users/crich/Embedded Systems Workspaces/Project/gpiointerrupt_CC3220S_LAUNCHXL_nortos_ccs" --include_path="C:/Users/crich/Embedded Systems Workspaces/Project/gpiointerrupt_CC3220S_LAUNCHXL_nortos_ccs/Debug" --include_path="C:/ti/simplelink_cc32xx_sdk_4_30_00_06/source" --include_path="C:/ti/simplelink_cc32xx_sdk_4_30_00_06/kernel/nortos" --include_path="C:/ti/simplelink_cc32xx_sdk_4_30_00_06/kernel/nortos/posix" --include_path="C:/ti/ccs1250/ccs/tools/compiler/ti-cgt-arm_20.2.7.LTS/include" --define=NORTOS_SUPPORT -g --diag_warning=225 --diag_warning=255 --diag_wrap=off --display_error_number --gen_func_subsections=on --preproc_with_compile --preproc_dependency="gpiointerrupt.d_raw" --include_path="C:/Users/crich/Embedded Systems Workspaces/Project/gpiointerrupt_CC3220S_LAUNCHXL_nortos_ccs/Debug/syscfg"  "../gpiointerrupt.c"
 
>> Compilation failure
subdir_rules.mk:9: recipe for target 'gpiointerrupt.obj' failed
"../gpiointerrupt.c", line 105: warning #225-D: function "snprintf" declared implicitly
"../gpiointerrupt.c", line 176: warning #225-D: function "snprintf" declared implicitly
"../gpiointerrupt.c", line 154: warning #179-D: variable "j" was declared but never referenced
"../gpiointerrupt.c", line 246: error #20: identifier "btnDownFloag" is undefined
"../gpiointerrupt.c", line 258: error #20: identifier "btnUpFlag" is undefined
"../gpiointerrupt.c", line 277: error #66: expected a ";"
"../gpiointerrupt.c", line 280: error #66: expected a ";"
"../gpiointerrupt.c", line 302: error #20: identifier "currTemp" is undefined
"../gpiointerrupt.c", line 338: warning #994-D: missing return statement at end of non-void function "tickFnct_Report"
"../gpiointerrupt.c", line 345: warning #145-D: a value of type "SM_TempState (*)(SM_TempState)" cannot be used to initialize an entity of type "int (*)(int)"
"../gpiointerrupt.c", line 355: warning #145-D: a value of type "SM_ButtonState (*)(SM_ButtonState)" cannot be used to initialize an entity of type "int (*)(int)"
"../gpiointerrupt.c", line 365: warning #145-D: a value of type "SM_ReportState (*)(void)" cannot be used to initialize an entity of type "int (*)(int)"
"../gpiointerrupt.c", line 419: warning #112-D: statement is unreachable
5 errors detected in the compilation of "../gpiointerrupt.c".
gmake: *** [gpiointerrupt.obj] Error 1
gmake: Target 'all' not remade because of errors.

**** Build Finished ****

**** Build of configuration Debug for project gpiointerrupt_CC3220S_LAUNCHXL_nortos_ccs ****

"C:\\ti\\ccs1250\\ccs\\utils\\bin\\gmake" -k -j 16 all -O 
 
Building file: "../gpiointerrupt.c"
Invoking: Arm Compiler
"C:/ti/ccs1250/ccs/tools/compiler/ti-cgt-arm_20.2.7.LTS/bin/armcl" -mv7M4 --code_state=16 --float_support=vfplib -me --include_path="C:/Users/crich/Embedded Systems Workspaces/Project/gpiointerrupt_CC3220S_LAUNCHXL_nortos_ccs" --include_path="C:/Users/crich/Embedded Systems Workspaces/Project/gpiointerrupt_CC3220S_LAUNCHXL_nortos_ccs/Debug" --include_path="C:/ti/simplelink_cc32xx_sdk_4_30_00_06/source" --include_path="C:/ti/simplelink_cc32xx_sdk_4_30_00_06/kernel/nortos" --include_path="C:/ti/simplelink_cc32xx_sdk_4_30_00_06/kernel/nortos/posix" --include_path="C:/ti/ccs1250/ccs/tools/compiler/ti-cgt-arm_20.2.7.LTS/include" --define=NORTOS_SUPPORT -g --diag_warning=225 --diag_warning=255 --diag_wrap=off --display_error_number --gen_func_subsections=on --preproc_with_compile --preproc_dependency="gpiointerrupt.d_raw" --include_path="C:/Users/crich/Embedded Systems Workspaces/Project/gpiointerrupt_CC3220S_LAUNCHXL_nortos_ccs/Debug/syscfg"  "../gpiointerrupt.c"
 
>> Compilation failure
subdir_rules.mk:9: recipe for target 'gpiointerrupt.obj' failed
"../gpiointerrupt.c", line 105: warning #225-D: function "snprintf" declared implicitly
"../gpiointerrupt.c", line 176: warning #225-D: function "snprintf" declared implicitly
"../gpiointerrupt.c", line 154: warning #179-D: variable "j" was declared but never referenced
"../gpiointerrupt.c", line 302: error #20: identifier "currTemp" is undefined
"../gpiointerrupt.c", line 338: warning #994-D: missing return statement at end of non-void function "tickFnct_Report"
"../gpiointerrupt.c", line 345: warning #145-D: a value of type "SM_TempState (*)(SM_TempState)" cannot be used to initialize an entity of type "int (*)(int)"
"../gpiointerrupt.c", line 355: warning #145-D: a value of type "SM_ButtonState (*)(SM_ButtonState)" cannot be used to initialize an entity of type "int (*)(int)"
"../gpiointerrupt.c", line 365: warning #145-D: a value of type "SM_ReportState (*)(void)" cannot be used to initialize an entity of type "int (*)(int)"
"../gpiointerrupt.c", line 419: warning #112-D: statement is unreachable
1 error detected in the compilation of "../gpiointerrupt.c".
gmake: *** [gpiointerrupt.obj] Error 1
gmake: Target 'all' not remade because of errors.

**** Build Finished ****

**** Build of configuration Debug for project gpiointerrupt_CC3220S_LAUNCHXL_nortos_ccs ****

"C:\\ti\\ccs1250\\ccs\\utils\\bin\\gmake" -k -j 16 all -O 
 
Building file: "../gpiointerrupt.c"
Invoking: Arm Compiler
"C:/ti/ccs1250/ccs/tools/compiler/ti-cgt-arm_20.2.7.LTS/bin/armcl" -mv7M4 --code_state=16 --float_support=vfplib -me --include_path="C:/Users/crich/Embedded Systems Workspaces/Project/gpiointerrupt_CC3220S_LAUNCHXL_nortos_ccs" --include_path="C:/Users/crich/Embedded Systems Workspaces/Project/gpiointerrupt_CC3220S_LAUNCHXL_nortos_ccs/Debug" --include_path="C:/ti/simplelink_cc32xx_sdk_4_30_00_06/source" --include_path="C:/ti/simplelink_cc32xx_sdk_4_30_00_06/kernel/nortos" --include_path="C:/ti/simplelink_cc32xx_sdk_4_30_00_06/kernel/nortos/posix" --include_path="C:/ti/ccs1250/ccs/tools/compiler/ti-cgt-arm_20.2.7.LTS/include" --define=NORTOS_SUPPORT -g --diag_warning=225 --diag_warning=255 --diag_wrap=off --display_error_number --gen_func_subsections=on --preproc_with_compile --preproc_dependency="gpiointerrupt.d_raw" --include_path="C:/Users/crich/Embedded Systems Workspaces/Project/gpiointerrupt_CC3220S_LAUNCHXL_nortos_ccs/Debug/syscfg"  "../gpiointerrupt.c"
 
>> Compilation failure
subdir_rules.mk:9: recipe for target 'gpiointerrupt.obj' failed
"../gpiointerrupt.c", line 105: warning #225-D: function "snprintf" declared implicitly
"../gpiointerrupt.c", line 176: warning #225-D: function "snprintf" declared implicitly
"../gpiointerrupt.c", line 154: warning #179-D: variable "j" was declared but never referenced
"../gpiointerrupt.c", line 305: error #20: identifier "currTemp" is undefined
"../gpiointerrupt.c", line 338: warning #994-D: missing return statement at end of non-void function "tickFnct_Report"
"../gpiointerrupt.c", line 345: warning #145-D: a value of type "SM_TempState (*)(SM_TempState)" cannot be used to initialize an entity of type "int (*)(int)"
"../gpiointerrupt.c", line 355: warning #145-D: a value of type "SM_ButtonState (*)(SM_ButtonState)" cannot be used to initialize an entity of type "int (*)(int)"
"../gpiointerrupt.c", line 365: warning #145-D: a value of type "SM_ReportState (*)(void)" cannot be used to initialize an entity of type "int (*)(int)"
"../gpiointerrupt.c", line 419: warning #112-D: statement is unreachable
1 error detected in the compilation of "../gpiointerrupt.c".
gmake: *** [gpiointerrupt.obj] Error 1
gmake: Target 'all' not remade because of errors.

**** Build Finished ****

**** Build of configuration Debug for project gpiointerrupt_CC3220S_LAUNCHXL_nortos_ccs ****

"C:\\ti\\ccs1250\\ccs\\utils\\bin\\gmake" -k -j 16 all -O 
 
Building file: "../gpiointerrupt.c"
Invoking: Arm Compiler
"C:/ti/ccs1250/ccs/tools/compiler/ti-cgt-arm_20.2.7.LTS/bin/armcl" -mv7M4 --code_state=16 --float_support=vfplib -me --include_path="C:/Users/crich/Embedded Systems Workspaces/Project/gpiointerrupt_CC3220S_LAUNCHXL_nortos_ccs" --include_path="C:/Users/crich/Embedded Systems Workspaces/Project/gpiointerrupt_CC3220S_LAUNCHXL_nortos_ccs/Debug" --include_path="C:/ti/simplelink_cc32xx_sdk_4_30_00_06/source" --include_path="C:/ti/simplelink_cc32xx_sdk_4_30_00_06/kernel/nortos" --include_path="C:/ti/simplelink_cc32xx_sdk_4_30_00_06/kernel/nortos/posix" --include_path="C:/ti/ccs1250/ccs/tools/compiler/ti-cgt-arm_20.2.7.LTS/include" --define=NORTOS_SUPPORT -g --diag_warning=225 --diag_warning=255 --diag_wrap=off --display_error_number --gen_func_subsections=on --preproc_with_compile --preproc_dependency="gpiointerrupt.d_raw" --include_path="C:/Users/crich/Embedded Systems Workspaces/Project/gpiointerrupt_CC3220S_LAUNCHXL_nortos_ccs/Debug/syscfg"  "../gpiointerrupt.c"
 
>> Compilation failure
subdir_rules.mk:9: recipe for target 'gpiointerrupt.obj' failed
"../gpiointerrupt.c", line 105: warning #225-D: function "snprintf" declared implicitly
"../gpiointerrupt.c", line 176: warning #225-D: function "snprintf" declared implicitly
"../gpiointerrupt.c", line 154: warning #179-D: variable "j" was declared but never referenced
"../gpiointerrupt.c", line 308: error #20: identifier "currTemp" is undefined
"../gpiointerrupt.c", line 338: warning #994-D: missing return statement at end of non-void function "tickFnct_Report"
"../gpiointerrupt.c", line 345: warning #145-D: a value of type "SM_TempState (*)(SM_TempState)" cannot be used to initialize an entity of type "int (*)(int)"
"../gpiointerrupt.c", line 355: warning #145-D: a value of type "SM_ButtonState (*)(SM_ButtonState)" cannot be used to initialize an entity of type "int (*)(int)"
"../gpiointerrupt.c", line 365: warning #145-D: a value of type "SM_ReportState (*)(void)" cannot be used to initialize an entity of type "int (*)(int)"
"../gpiointerrupt.c", line 419: warning #112-D: statement is unreachable
1 error detected in the compilation of "../gpiointerrupt.c".
gmake: *** [gpiointerrupt.obj] Error 1
gmake: Target 'all' not remade because of errors.

**** Build Finished ****

**** Build of configuration Debug for project gpiointerrupt_CC3220S_LAUNCHXL_nortos_ccs ****

"C:\\ti\\ccs1250\\ccs\\utils\\bin\\gmake" -k -j 16 all -O 
 
Building file: "../gpiointerrupt.c"
Invoking: Arm Compiler
"C:/ti/ccs1250/ccs/tools/compiler/ti-cgt-arm_20.2.7.LTS/bin/armcl" -mv7M4 --code_state=16 --float_support=vfplib -me --include_path="C:/Users/crich/Embedded Systems Workspaces/Project/gpiointerrupt_CC3220S_LAUNCHXL_nortos_ccs" --include_path="C:/Users/crich/Embedded Systems Workspaces/Project/gpiointerrupt_CC3220S_LAUNCHXL_nortos_ccs/Debug" --include_path="C:/ti/simplelink_cc32xx_sdk_4_30_00_06/source" --include_path="C:/ti/simplelink_cc32xx_sdk_4_30_00_06/kernel/nortos" --include_path="C:/ti/simplelink_cc32xx_sdk_4_30_00_06/kernel/nortos/posix" --include_path="C:/ti/ccs1250/ccs/tools/compiler/ti-cgt-arm_20.2.7.LTS/include" --define=NORTOS_SUPPORT -g --diag_warning=225 --diag_warning=255 --diag_wrap=off --display_error_number --gen_func_subsections=on --preproc_with_compile --preproc_dependency="gpiointerrupt.d_raw" --include_path="C:/Users/crich/Embedded Systems Workspaces/Project/gpiointerrupt_CC3220S_LAUNCHXL_nortos_ccs/Debug/syscfg"  "../gpiointerrupt.c"
 
>> Compilation failure
subdir_rules.mk:9: recipe for target 'gpiointerrupt.obj' failed
"../gpiointerrupt.c", line 105: warning #225-D: function "snprintf" declared implicitly
"../gpiointerrupt.c", line 176: warning #225-D: function "snprintf" declared implicitly
"../gpiointerrupt.c", line 154: warning #179-D: variable "j" was declared but never referenced
"../gpiointerrupt.c", line 311: error #20: identifier "currTemp" is undefined
"../gpiointerrupt.c", line 338: warning #994-D: missing return statement at end of non-void function "tickFnct_Report"
"../gpiointerrupt.c", line 345: warning #145-D: a value of type "SM_TempState (*)(SM_TempState)" cannot be used to initialize an entity of type "int (*)(int)"
"../gpiointerrupt.c", line 355: warning #145-D: a value of type "SM_ButtonState (*)(SM_ButtonState)" cannot be used to initialize an entity of type "int (*)(int)"
"../gpiointerrupt.c", line 365: warning #145-D: a value of type "SM_ReportState (*)(void)" cannot be used to initialize an entity of type "int (*)(int)"
"../gpiointerrupt.c", line 419: warning #112-D: statement is unreachable
1 error detected in the compilation of "../gpiointerrupt.c".
gmake: *** [gpiointerrupt.obj] Error 1
gmake: Target 'all' not remade because of errors.

**** Build Finished ****

**** Build of configuration Debug for project gpiointerrupt_CC3220S_LAUNCHXL_nortos_ccs ****

"C:\\ti\\ccs1250\\ccs\\utils\\bin\\gmake" -k -j 16 all -O 
 
Building file: "../gpiointerrupt.c"
Invoking: Arm Compiler
"C:/ti/ccs1250/ccs/tools/compiler/ti-cgt-arm_20.2.7.LTS/bin/armcl" -mv7M4 --code_state=16 --float_support=vfplib -me --include_path="C:/Users/crich/Embedded Systems Workspaces/Project/gpiointerrupt_CC3220S_LAUNCHXL_nortos_ccs" --include_path="C:/Users/crich/Embedded Systems Workspaces/Project/gpiointerrupt_CC3220S_LAUNCHXL_nortos_ccs/Debug" --include_path="C:/ti/simplelink_cc32xx_sdk_4_30_00_06/source" --include_path="C:/ti/simplelink_cc32xx_sdk_4_30_00_06/kernel/nortos" --include_path="C:/ti/simplelink_cc32xx_sdk_4_30_00_06/kernel/nortos/posix" --include_path="C:/ti/ccs1250/ccs/tools/compiler/ti-cgt-arm_20.2.7.LTS/include" --define=NORTOS_SUPPORT -g --diag_warning=225 --diag_warning=255 --diag_wrap=off --display_error_number --gen_func_subsections=on --preproc_with_compile --preproc_dependency="gpiointerrupt.d_raw" --include_path="C:/Users/crich/Embedded Systems Workspaces/Project/gpiointerrupt_CC3220S_LAUNCHXL_nortos_ccs/Debug/syscfg"  "../gpiointerrupt.c"
"../gpiointerrupt.c", line 105: warning #225-D: function "snprintf" declared implicitly
"../gpiointerrupt.c", line 176: warning #225-D: function "snprintf" declared implicitly
"../gpiointerrupt.c", line 154: warning #179-D: variable "j" was declared but never referenced
"../gpiointerrupt.c", line 338: warning #994-D: missing return statement at end of non-void function "tickFnct_Report"
"../gpiointerrupt.c", line 345: warning #145-D: a value of type "SM_TempState (*)(SM_TempState)" cannot be used to initialize an entity of type "int (*)(int)"
"../gpiointerrupt.c", line 355: warning #145-D: a value of type "SM_ButtonState (*)(SM_ButtonState)" cannot be used to initialize an entity of type "int (*)(int)"
"../gpiointerrupt.c", line 365: warning #145-D: a value of type "SM_ReportState (*)(void)" cannot be used to initialize an entity of type "int (*)(int)"
"../gpiointerrupt.c", line 419: warning #112-D: statement is unreachable
Finished building: "../gpiointerrupt.c"
 
Building target: "gpiointerrupt_CC3220S_LAUNCHXL_nortos_ccs.out"
Invoking: Arm Linker
"C:/ti/ccs1250/ccs/tools/compiler/ti-cgt-arm_20.2.7.LTS/bin/armcl" -mv7M4 --code_state=16 --float_support=vfplib -me --define=NORTOS_SUPPORT -g --diag_warning=225 --diag_warning=255 --diag_wrap=off --display_error_number --gen_func_subsections=on -z -m"gpiointerrupt_CC3220S_LAUNCHXL_nortos_ccs.map" -i"C:/ti/simplelink_cc32xx_sdk_4_30_00_06/source" -i"C:/ti/simplelink_cc32xx_sdk_4_30_00_06/kernel/nortos" -i"C:/Users/crich/Embedded Systems Workspaces/Project/gpiointerrupt_CC3220S_LAUNCHXL_nortos_ccs/Debug/syscfg/" -i"C:/ti/ccs1250/ccs/tools/compiler/ti-cgt-arm_20.2.7.LTS/lib" --diag_suppress=10063 --diag_wrap=off --display_error_number --warn_sections --xml_link_info="gpiointerrupt_CC3220S_LAUNCHXL_nortos_ccs_linkInfo.xml" --entry_point=resetISR --rom_model -o "gpiointerrupt_CC3220S_LAUNCHXL_nortos_ccs.out" "./gpiointerrupt.obj" "./syscfg/ti_drivers_config.obj" "./main_nortos.obj" "../cc32xxs_nortos.cmd"  -lti_utils_build_linker.cmd.genlibs -l"ti/devices/cc32xx/driverlib/ccs/Release/driverlib.a" -llibc.a 
<Linking>
Finished building target: "gpiointerrupt_CC3220S_LAUNCHXL_nortos_ccs.out"
 
C:/ti/ccs1250/ccs/tools/compiler/ti-cgt-arm_20.2.7.LTS/bin/armobjcopy -O binary --only-section .text --only-section .const --only-section .cinit --only-section .resetVecs gpiointerrupt_CC3220S_LAUNCHXL_nortos_ccs.out gpiointerrupt_CC3220S_LAUNCHXL_nortos_ccs.bin
 

**** Build Finished ****

**** Build of configuration Debug for project gpiointerrupt_CC3220S_LAUNCHXL_nortos_ccs ****

"C:\\ti\\ccs1250\\ccs\\utils\\bin\\gmake" -k -j 16 all -O 
 
gmake[1]: 'gpiointerrupt_CC3220S_LAUNCHXL_nortos_ccs.out' is up to date.

**** Build Finished ****

**** Build of configuration Debug for project gpiointerrupt_CC3220S_LAUNCHXL_nortos_ccs ****

"C:\\ti\\ccs1250\\ccs\\utils\\bin\\gmake" -k -j 16 all -O 
 
gmake[1]: 'gpiointerrupt_CC3220S_LAUNCHXL_nortos_ccs.out' is up to date.

**** Build Finished ****

**** Build of configuration Debug for project gpiointerrupt_CC3220S_LAUNCHXL_nortos_ccs ****

"C:\\ti\\ccs1250\\ccs\\utils\\bin\\gmake" -k -j 16 all -O 
 
gmake[1]: 'gpiointerrupt_CC3220S_LAUNCHXL_nortos_ccs.out' is up to date.

**** Build Finished ****

**** Build of configuration Debug for project gpiointerrupt_CC3220S_LAUNCHXL_nortos_ccs ****

"C:\\ti\\ccs1250\\ccs\\utils\\bin\\gmake" -k -j 16 all -O 
 
gmake[1]: 'gpiointerrupt_CC3220S_LAUNCHXL_nortos_ccs.out' is up to date.

**** Build Finished ****

**** Build of configuration Debug for project gpiointerrupt_CC3220S_LAUNCHXL_nortos_ccs ****

"C:\\ti\\ccs1250\\ccs\\utils\\bin\\gmake" -k -j 16 all -O 
 
gmake[1]: 'gpiointerrupt_CC3220S_LAUNCHXL_nortos_ccs.out' is up to date.

**** Build Finished ****

**** Build of configuration Debug for project gpiointerrupt_CC3220S_LAUNCHXL_nortos_ccs ****

"C:\\ti\\ccs1250\\ccs\\utils\\bin\\gmake" -k -j 16 all -O 
 
gmake[1]: 'gpiointerrupt_CC3220S_LAUNCHXL_nortos_ccs.out' is up to date.

**** Build Finished ****

**** Build of configuration Debug for project gpiointerrupt_CC3220S_LAUNCHXL_nortos_ccs ****

"C:\\ti\\ccs1250\\ccs\\utils\\bin\\gmake" -k -j 16 all -O 
 
gmake[1]: 'gpiointerrupt_CC3220S_LAUNCHXL_nortos_ccs.out' is up to date.

**** Build Finished ****

**** Build of configuration Debug for project gpiointerrupt_CC3220S_LAUNCHXL_nortos_ccs ****

"C:\\ti\\ccs1250\\ccs\\utils\\bin\\gmake" -k -j 16 all -O 
 
Building file: "../gpiointerrupt.c"
Invoking: Arm Compiler
"C:/ti/ccs1250/ccs/tools/compiler/ti-cgt-arm_20.2.7.LTS/bin/armcl" -mv7M4 --code_state=16 --float_support=vfplib -me --include_path="C:/Users/crich/Embedded Systems Workspaces/Project/gpiointerrupt_CC3220S_LAUNCHXL_nortos_ccs" --include_path="C:/Users/crich/Embedded Systems Workspaces/Project/gpiointerrupt_CC3220S_LAUNCHXL_nortos_ccs/Debug" --include_path="C:/ti/simplelink_cc32xx_sdk_4_30_00_06/source" --include_path="C:/ti/simplelink_cc32xx_sdk_4_30_00_06/kernel/nortos" --include_path="C:/ti/simplelink_cc32xx_sdk_4_30_00_06/kernel/nortos/posix" --include_path="C:/ti/ccs1250/ccs/tools/compiler/ti-cgt-arm_20.2.7.LTS/include" --define=NORTOS_SUPPORT -g --diag_warning=225 --diag_warning=255 --diag_wrap=off --display_error_number --gen_func_subsections=on --preproc_with_compile --preproc_dependency="gpiointerrupt.d_raw" --include_path="C:/Users/crich/Embedded Systems Workspaces/Project/gpiointerrupt_CC3220S_LAUNCHXL_nortos_ccs/Debug/syscfg"  "../gpiointerrupt.c"
"../gpiointerrupt.c", line 105: warning #225-D: function "snprintf" declared implicitly
"../gpiointerrupt.c", line 176: warning #225-D: function "snprintf" declared implicitly
"../gpiointerrupt.c", line 154: warning #179-D: variable "j" was declared but never referenced
"../gpiointerrupt.c", line 338: warning #994-D: missing return statement at end of non-void function "tickFnct_Report"
"../gpiointerrupt.c", line 345: warning #145-D: a value of type "SM_TempState (*)(SM_TempState)" cannot be used to initialize an entity of type "int (*)(int)"
"../gpiointerrupt.c", line 355: warning #145-D: a value of type "SM_ButtonState (*)(SM_ButtonState)" cannot be used to initialize an entity of type "int (*)(int)"
"../gpiointerrupt.c", line 365: warning #145-D: a value of type "SM_ReportState (*)(void)" cannot be used to initialize an entity of type "int (*)(int)"
"../gpiointerrupt.c", line 419: warning #112-D: statement is unreachable
Finished building: "../gpiointerrupt.c"
 
Building target: "gpiointerrupt_CC3220S_LAUNCHXL_nortos_ccs.out"
Invoking: Arm Linker
"C:/ti/ccs1250/ccs/tools/compiler/ti-cgt-arm_20.2.7.LTS/bin/armcl" -mv7M4 --code_state=16 --float_support=vfplib -me --define=NORTOS_SUPPORT -g --diag_warning=225 --diag_warning=255 --diag_wrap=off --display_error_number --gen_func_subsections=on -z -m"gpiointerrupt_CC3220S_LAUNCHXL_nortos_ccs.map" -i"C:/ti/simplelink_cc32xx_sdk_4_30_00_06/source" -i"C:/ti/simplelink_cc32xx_sdk_4_30_00_06/kernel/nortos" -i"C:/Users/crich/Embedded Systems Workspaces/Project/gpiointerrupt_CC3220S_LAUNCHXL_nortos_ccs/Debug/syscfg/" -i"C:/ti/ccs1250/ccs/tools/compiler/ti-cgt-arm_20.2.7.LTS/lib" --diag_suppress=10063 --diag_wrap=off --display_error_number --warn_sections --xml_link_info="gpiointerrupt_CC3220S_LAUNCHXL_nortos_ccs_linkInfo.xml" --entry_point=resetISR --rom_model -o "gpiointerrupt_CC3220S_LAUNCHXL_nortos_ccs.out" "./gpiointerrupt.obj" "./syscfg/ti_drivers_config.obj" "./main_nortos.obj" "../cc32xxs_nortos.cmd"  -lti_utils_build_linker.cmd.genlibs -l"ti/devices/cc32xx/driverlib/ccs/Release/driverlib.a" -llibc.a 
<Linking>
Finished building target: "gpiointerrupt_CC3220S_LAUNCHXL_nortos_ccs.out"
 
C:/ti/ccs1250/ccs/tools/compiler/ti-cgt-arm_20.2.7.LTS/bin/armobjcopy -O binary --only-section .text --only-section .const --only-section .cinit --only-section .resetVecs gpiointerrupt_CC3220S_LAUNCHXL_nortos_ccs.out gpiointerrupt_CC3220S_LAUNCHXL_nortos_ccs.bin
 

**** Build Finished ****

**** Build of configuration Debug for project gpiointerrupt_CC3220S_LAUNCHXL_nortos_ccs ****

"C:\\ti\\ccs1250\\ccs\\utils\\bin\\gmake" -k -j 16 all -O 
 
gmake[1]: 'gpiointerrupt_CC3220S_LAUNCHXL_nortos_ccs.out' is up to date.

**** Build Finished ****

**** Build of configuration Debug for project gpiointerrupt_CC3220S_LAUNCHXL_nortos_ccs ****

"C:\\ti\\ccs1250\\ccs\\utils\\bin\\gmake" -k -j 16 all -O 
 
Building file: "../gpiointerrupt.c"
Invoking: Arm Compiler
"C:/ti/ccs1250/ccs/tools/compiler/ti-cgt-arm_20.2.7.LTS/bin/armcl" -mv7M4 --code_state=16 --float_support=vfplib -me --include_path="C:/Users/crich/Embedded Systems Workspaces/Project/gpiointerrupt_CC3220S_LAUNCHXL_nortos_ccs" --include_path="C:/Users/crich/Embedded Systems Workspaces/Project/gpiointerrupt_CC3220S_LAUNCHXL_nortos_ccs/Debug" --include_path="C:/ti/simplelink_cc32xx_sdk_4_30_00_06/source" --include_path="C:/ti/simplelink_cc32xx_sdk_4_30_00_06/kernel/nortos" --include_path="C:/ti/simplelink_cc32xx_sdk_4_30_00_06/kernel/nortos/posix" --include_path="C:/ti/ccs1250/ccs/tools/compiler/ti-cgt-arm_20.2.7.LTS/include" --define=NORTOS_SUPPORT -g --diag_warning=225 --diag_warning=255 --diag_wrap=off --display_error_number --gen_func_subsections=on --preproc_with_compile --preproc_dependency="gpiointerrupt.d_raw" --include_path="C:/Users/crich/Embedded Systems Workspaces/Project/gpiointerrupt_CC3220S_LAUNCHXL_nortos_ccs/Debug/syscfg"  "../gpiointerrupt.c"
"../gpiointerrupt.c", line 105: warning #225-D: function "snprintf" declared implicitly
"../gpiointerrupt.c", line 176: warning #225-D: function "snprintf" declared implicitly
"../gpiointerrupt.c", line 154: warning #179-D: variable "j" was declared but never referenced
"../gpiointerrupt.c", line 338: warning #994-D: missing return statement at end of non-void function "tickFnct_Report"
"../gpiointerrupt.c", line 345: warning #145-D: a value of type "SM_TempState (*)(SM_TempState)" cannot be used to initialize an entity of type "int (*)(int)"
"../gpiointerrupt.c", line 355: warning #145-D: a value of type "SM_ButtonState (*)(SM_ButtonState)" cannot be used to initialize an entity of type "int (*)(int)"
"../gpiointerrupt.c", line 365: warning #145-D: a value of type "SM_ReportState (*)(void)" cannot be used to initialize an entity of type "int (*)(int)"
"../gpiointerrupt.c", line 419: warning #112-D: statement is unreachable
Finished building: "../gpiointerrupt.c"
 
Building target: "gpiointerrupt_CC3220S_LAUNCHXL_nortos_ccs.out"
Invoking: Arm Linker
"C:/ti/ccs1250/ccs/tools/compiler/ti-cgt-arm_20.2.7.LTS/bin/armcl" -mv7M4 --code_state=16 --float_support=vfplib -me --define=NORTOS_SUPPORT -g --diag_warning=225 --diag_warning=255 --diag_wrap=off --display_error_number --gen_func_subsections=on -z -m"gpiointerrupt_CC3220S_LAUNCHXL_nortos_ccs.map" -i"C:/ti/simplelink_cc32xx_sdk_4_30_00_06/source" -i"C:/ti/simplelink_cc32xx_sdk_4_30_00_06/kernel/nortos" -i"C:/Users/crich/Embedded Systems Workspaces/Project/gpiointerrupt_CC3220S_LAUNCHXL_nortos_ccs/Debug/syscfg/" -i"C:/ti/ccs1250/ccs/tools/compiler/ti-cgt-arm_20.2.7.LTS/lib" --diag_suppress=10063 --diag_wrap=off --display_error_number --warn_sections --xml_link_info="gpiointerrupt_CC3220S_LAUNCHXL_nortos_ccs_linkInfo.xml" --entry_point=resetISR --rom_model -o "gpiointerrupt_CC3220S_LAUNCHXL_nortos_ccs.out" "./gpiointerrupt.obj" "./syscfg/ti_drivers_config.obj" "./main_nortos.obj" "../cc32xxs_nortos.cmd"  -lti_utils_build_linker.cmd.genlibs -l"ti/devices/cc32xx/driverlib/ccs/Release/driverlib.a" -llibc.a 
<Linking>
Finished building target: "gpiointerrupt_CC3220S_LAUNCHXL_nortos_ccs.out"
 
C:/ti/ccs1250/ccs/tools/compiler/ti-cgt-arm_20.2.7.LTS/bin/armobjcopy -O binary --only-section .text --only-section .const --only-section .cinit --only-section .resetVecs gpiointerrupt_CC3220S_LAUNCHXL_nortos_ccs.out gpiointerrupt_CC3220S_LAUNCHXL_nortos_ccs.bin
 

**** Build Finished ****

**** Build of configuration Debug for project gpiointerrupt_CC3220S_LAUNCHXL_nortos_ccs ****

"C:\\ti\\ccs1250\\ccs\\utils\\bin\\gmake" -k -j 16 all -O 
 
gmake[1]: 'gpiointerrupt_CC3220S_LAUNCHXL_nortos_ccs.out' is up to date.

**** Build Finished ****

**** Build of configuration Debug for project gpiointerrupt_CC3220S_LAUNCHXL_nortos_ccs ****

"C:\\ti\\ccs1250\\ccs\\utils\\bin\\gmake" -k -j 16 all -O 
 
gmake[1]: 'gpiointerrupt_CC3220S_LAUNCHXL_nortos_ccs.out' is up to date.

**** Build Finished ****

**** Build of configuration Debug for project gpiointerrupt_CC3220S_LAUNCHXL_nortos_ccs ****

"C:\\ti\\ccs1250\\ccs\\utils\\bin\\gmake" -k -j 16 all -O 
 
Building file: "../gpiointerrupt.syscfg"
Invoking: SysConfig
"C:/ti/sysconfig_1_12_0/sysconfig_cli.bat" -s "C:/ti/simplelink_cc32xx_sdk_4_30_00_06/.metadata/product.json" --script "C:/Users/crich/Embedded Systems Workspaces/Project/gpiointerrupt_CC3220S_LAUNCHXL_nortos_ccs/gpiointerrupt.syscfg" -o "syscfg" --compiler ccs
Running script...
Validating...
Generating Code (gpiointerrupt.syscfg)...
Writing C:\Users\crich\Embedded Systems Workspaces\Project\gpiointerrupt_CC3220S_LAUNCHXL_nortos_ccs\Debug\syscfg\ti_drivers_config.c...
Writing C:\Users\crich\Embedded Systems Workspaces\Project\gpiointerrupt_CC3220S_LAUNCHXL_nortos_ccs\Debug\syscfg\ti_drivers_config.h...
Writing C:\Users\crich\Embedded Systems Workspaces\Project\gpiointerrupt_CC3220S_LAUNCHXL_nortos_ccs\Debug\syscfg\ti_utils_build_linker.cmd.genlibs...
Writing C:\Users\crich\Embedded Systems Workspaces\Project\gpiointerrupt_CC3220S_LAUNCHXL_nortos_ccs\Debug\syscfg\syscfg_c.rov.xs...
Writing C:\Users\crich\Embedded Systems Workspaces\Project\gpiointerrupt_CC3220S_LAUNCHXL_nortos_ccs\Debug\syscfg\ti_utils_runtime_model.gv...
Writing C:\Users\crich\Embedded Systems Workspaces\Project\gpiointerrupt_CC3220S_LAUNCHXL_nortos_ccs\Debug\syscfg\ti_utils_runtime_Makefile...
Finished building: "../gpiointerrupt.syscfg"
 
Building file: "syscfg/ti_drivers_config.c"
Invoking: Arm Compiler
"C:/ti/ccs1250/ccs/tools/compiler/ti-cgt-arm_20.2.7.LTS/bin/armcl" -mv7M4 --code_state=16 --float_support=vfplib -me --include_path="C:/Users/crich/Embedded Systems Workspaces/Project/gpiointerrupt_CC3220S_LAUNCHXL_nortos_ccs" --include_path="C:/Users/crich/Embedded Systems Workspaces/Project/gpiointerrupt_CC3220S_LAUNCHXL_nortos_ccs/Debug" --include_path="C:/ti/simplelink_cc32xx_sdk_4_30_00_06/source" --include_path="C:/ti/simplelink_cc32xx_sdk_4_30_00_06/kernel/nortos" --include_path="C:/ti/simplelink_cc32xx_sdk_4_30_00_06/kernel/nortos/posix" --include_path="C:/ti/ccs1250/ccs/tools/compiler/ti-cgt-arm_20.2.7.LTS/include" --define=NORTOS_SUPPORT -g --diag_warning=225 --diag_warning=255 --diag_wrap=off --display_error_number --gen_func_subsections=on --preproc_with_compile --preproc_dependency="syscfg/ti_drivers_config.d_raw" --include_path="C:/Users/crich/Embedded Systems Workspaces/Project/gpiointerrupt_CC3220S_LAUNCHXL_nortos_ccs/Debug/syscfg" --obj_directory="syscfg"  "syscfg/ti_drivers_config.c"
Finished building: "syscfg/ti_drivers_config.c"
 
Building file: "../gpiointerrupt.c"
Invoking: Arm Compiler
"C:/ti/ccs1250/ccs/tools/compiler/ti-cgt-arm_20.2.7.LTS/bin/armcl" -mv7M4 --code_state=16 --float_support=vfplib -me --include_path="C:/Users/crich/Embedded Systems Workspaces/Project/gpiointerrupt_CC3220S_LAUNCHXL_nortos_ccs" --include_path="C:/Users/crich/Embedded Systems Workspaces/Project/gpiointerrupt_CC3220S_LAUNCHXL_nortos_ccs/Debug" --include_path="C:/ti/simplelink_cc32xx_sdk_4_30_00_06/source" --include_path="C:/ti/simplelink_cc32xx_sdk_4_30_00_06/kernel/nortos" --include_path="C:/ti/simplelink_cc32xx_sdk_4_30_00_06/kernel/nortos/posix" --include_path="C:/ti/ccs1250/ccs/tools/compiler/ti-cgt-arm_20.2.7.LTS/include" --define=NORTOS_SUPPORT -g --diag_warning=225 --diag_warning=255 --diag_wrap=off --display_error_number --gen_func_subsections=on --preproc_with_compile --preproc_dependency="gpiointerrupt.d_raw" --include_path="C:/Users/crich/Embedded Systems Workspaces/Project/gpiointerrupt_CC3220S_LAUNCHXL_nortos_ccs/Debug/syscfg"  "../gpiointerrupt.c"
"../gpiointerrupt.c", line 105: warning #225-D: function "snprintf" declared implicitly
"../gpiointerrupt.c", line 176: warning #225-D: function "snprintf" declared implicitly
"../gpiointerrupt.c", line 154: warning #179-D: variable "j" was declared but never referenced
"../gpiointerrupt.c", line 338: warning #994-D: missing return statement at end of non-void function "tickFnct_Report"
"../gpiointerrupt.c", line 345: warning #145-D: a value of type "SM_TempState (*)(SM_TempState)" cannot be used to initialize an entity of type "int (*)(int)"
"../gpiointerrupt.c", line 355: warning #145-D: a value of type "SM_ButtonState (*)(SM_ButtonState)" cannot be used to initialize an entity of type "int (*)(int)"
"../gpiointerrupt.c", line 365: warning #145-D: a value of type "SM_ReportState (*)(void)" cannot be used to initialize an entity of type "int (*)(int)"
"../gpiointerrupt.c", line 419: warning #112-D: statement is unreachable
Finished building: "../gpiointerrupt.c"
 
Building target: "gpiointerrupt_CC3220S_LAUNCHXL_nortos_ccs.out"
Invoking: Arm Linker
"C:/ti/ccs1250/ccs/tools/compiler/ti-cgt-arm_20.2.7.LTS/bin/armcl" -mv7M4 --code_state=16 --float_support=vfplib -me --define=NORTOS_SUPPORT -g --diag_warning=225 --diag_warning=255 --diag_wrap=off --display_error_number --gen_func_subsections=on -z -m"gpiointerrupt_CC3220S_LAUNCHXL_nortos_ccs.map" -i"C:/ti/simplelink_cc32xx_sdk_4_30_00_06/source" -i"C:/ti/simplelink_cc32xx_sdk_4_30_00_06/kernel/nortos" -i"C:/Users/crich/Embedded Systems Workspaces/Project/gpiointerrupt_CC3220S_LAUNCHXL_nortos_ccs/Debug/syscfg/" -i"C:/ti/ccs1250/ccs/tools/compiler/ti-cgt-arm_20.2.7.LTS/lib" --diag_suppress=10063 --diag_wrap=off --display_error_number --warn_sections --xml_link_info="gpiointerrupt_CC3220S_LAUNCHXL_nortos_ccs_linkInfo.xml" --entry_point=resetISR --rom_model -o "gpiointerrupt_CC3220S_LAUNCHXL_nortos_ccs.out" "./gpiointerrupt.obj" "./syscfg/ti_drivers_config.obj" "./main_nortos.obj" "../cc32xxs_nortos.cmd"  -lti_utils_build_linker.cmd.genlibs -l"ti/devices/cc32xx/driverlib/ccs/Release/driverlib.a" -llibc.a 
<Linking>
Finished building target: "gpiointerrupt_CC3220S_LAUNCHXL_nortos_ccs.out"
 
C:/ti/ccs1250/ccs/tools/compiler/ti-cgt-arm_20.2.7.LTS/bin/armobjcopy -O binary --only-section .text --only-section .const --only-section .cinit --only-section .resetVecs gpiointerrupt_CC3220S_LAUNCHXL_nortos_ccs.out gpiointerrupt_CC3220S_LAUNCHXL_nortos_ccs.bin
 

**** Build Finished ****

**** Build of configuration Debug for project gpiointerrupt_CC3220S_LAUNCHXL_nortos_ccs ****

"C:\\ti\\ccs1250\\ccs\\utils\\bin\\gmake" -k -j 16 all -O 
 
gmake[1]: 'gpiointerrupt_CC3220S_LAUNCHXL_nortos_ccs.out' is up to date.

**** Build Finished ****

**** Build of configuration Debug for project gpiointerrupt_CC3220S_LAUNCHXL_nortos_ccs ****

"C:\\ti\\ccs1250\\ccs\\utils\\bin\\gmake" -k -j 16 all -O 
 
gmake[1]: 'gpiointerrupt_CC3220S_LAUNCHXL_nortos_ccs.out' is up to date.

**** Build Finished ****

**** Build of configuration Debug for project gpiointerrupt_CC3220S_LAUNCHXL_nortos_ccs ****

"C:\\ti\\ccs1250\\ccs\\utils\\bin\\gmake" -k -j 16 all -O 
 
gmake[1]: 'gpiointerrupt_CC3220S_LAUNCHXL_nortos_ccs.out' is up to date.

**** Build Finished ****

**** Build of configuration Debug for project gpiointerrupt_CC3220S_LAUNCHXL_nortos_ccs ****

"C:\\ti\\ccs1250\\ccs\\utils\\bin\\gmake" -k -j 16 all -O 
 
gmake[1]: 'gpiointerrupt_CC3220S_LAUNCHXL_nortos_ccs.out' is up to date.

**** Build Finished ****

**** Build of configuration Debug for project gpiointerrupt_CC3220S_LAUNCHXL_nortos_ccs ****

"C:\\ti\\ccs1250\\ccs\\utils\\bin\\gmake" -k -j 16 all -O 
 
gmake[1]: 'gpiointerrupt_CC3220S_LAUNCHXL_nortos_ccs.out' is up to date.

**** Build Finished ****

**** Build of configuration Debug for project gpiointerrupt_CC3220S_LAUNCHXL_nortos_ccs ****

"C:\\ti\\ccs1250\\ccs\\utils\\bin\\gmake" -k -j 16 all -O 
 
gmake[1]: 'gpiointerrupt_CC3220S_LAUNCHXL_nortos_ccs.out' is up to date.

**** Build Finished ****

**** Build of configuration Debug for project gpiointerrupt_CC3220S_LAUNCHXL_nortos_ccs ****

"C:\\ti\\ccs1250\\ccs\\utils\\bin\\gmake" -k -j 16 all -O 
 
gmake[1]: 'gpiointerrupt_CC3220S_LAUNCHXL_nortos_ccs.out' is up to date.

**** Build Finished ****
